

Processing IngredientsController#show (for 127.0.0.1 at 2008-06-22 16:30:35) [GET]
  Session ID: BAh7BiIKZmxhc2hJQzonQWN0aW9uQ29udHJvbGxlcjo6Rmxhc2g6OkZsYXNo
SGFzaHsABjoKQHVzZWR7AA==--8ed97ae43627262ca420905a3eff1ad99c33b004
  Parameters: {"action"=>"show", "id"=>"1", "controller"=>"ingredients"}


ActiveRecord::StatementInvalid (Could not find table 'ingredients'):
    /usr/lib/ruby/gems/1.8/gems/activerecord-2.1.0/lib/active_record/connection_adapters/sqlite3_adapter.rb:29:in `table_structure'
    /usr/lib/ruby/gems/1.8/gems/activesupport-2.1.0/lib/active_support/core_ext/object/misc.rb:28:in `returning'
    /usr/lib/ruby/gems/1.8/gems/activerecord-2.1.0/lib/active_record/connection_adapters/sqlite3_adapter.rb:28:in `table_structure'
    /usr/lib/ruby/gems/1.8/gems/activerecord-2.1.0/lib/active_record/connection_adapters/sqlite_adapter.rb:189:in `columns'
    /usr/lib/ruby/gems/1.8/gems/activerecord-2.1.0/lib/active_record/base.rb:1145:in `columns'
    /usr/lib/ruby/gems/1.8/gems/activerecord-2.1.0/lib/active_record/base.rb:1153:in `columns_hash'
    /usr/lib/ruby/gems/1.8/gems/activerecord-2.1.0/lib/active_record/base.rb:1371:in `find_one'
    /usr/lib/ruby/gems/1.8/gems/activerecord-2.1.0/lib/active_record/base.rb:1362:in `find_from_ids'
    /usr/lib/ruby/gems/1.8/gems/activerecord-2.1.0/lib/active_record/base.rb:537:in `find'
    /app/controllers/ingredients_controller.rb:7:in `show'
    /usr/lib/ruby/gems/1.8/gems/actionpack-2.1.0/lib/action_controller/base.rb:1162:in `send'
    /usr/lib/ruby/gems/1.8/gems/actionpack-2.1.0/lib/action_controller/base.rb:1162:in `perform_action_without_filters'
    /usr/lib/ruby/gems/1.8/gems/actionpack-2.1.0/lib/action_controller/filters.rb:580:in `call_filters'
    /usr/lib/ruby/gems/1.8/gems/actionpack-2.1.0/lib/action_controller/filters.rb:573:in `perform_action_without_benchmark'
    /usr/lib/ruby/gems/1.8/gems/actionpack-2.1.0/lib/action_controller/benchmarking.rb:68:in `perform_action_without_rescue'
    /usr/lib/ruby/1.8/benchmark.rb:293:in `measure'
    /usr/lib/ruby/gems/1.8/gems/actionpack-2.1.0/lib/action_controller/benchmarking.rb:68:in `perform_action_without_rescue'
    /usr/lib/ruby/gems/1.8/gems/actionpack-2.1.0/lib/action_controller/rescue.rb:201:in `perform_action_without_caching'
    /usr/lib/ruby/gems/1.8/gems/actionpack-2.1.0/lib/action_controller/caching/sql_cache.rb:13:in `perform_action'
    /usr/lib/ruby/gems/1.8/gems/activerecord-2.1.0/lib/active_record/connection_adapters/abstract/query_cache.rb:33:in `cache'
    /usr/lib/ruby/gems/1.8/gems/activerecord-2.1.0/lib/active_record/query_cache.rb:8:in `cache'
    /usr/lib/ruby/gems/1.8/gems/actionpack-2.1.0/lib/action_controller/caching/sql_cache.rb:12:in `perform_action'
    /usr/lib/ruby/gems/1.8/gems/actionpack-2.1.0/lib/action_controller/base.rb:529:in `send'
    /usr/lib/ruby/gems/1.8/gems/actionpack-2.1.0/lib/action_controller/base.rb:529:in `process_without_filters'
    /usr/lib/ruby/gems/1.8/gems/actionpack-2.1.0/lib/action_controller/filters.rb:569:in `process_without_session_management_support'
    /usr/lib/ruby/gems/1.8/gems/actionpack-2.1.0/lib/action_controller/session_management.rb:130:in `process'
    /usr/lib/ruby/gems/1.8/gems/actionpack-2.1.0/lib/action_controller/base.rb:389:in `process'
    /usr/lib/ruby/gems/1.8/gems/actionpack-2.1.0/lib/action_controller/dispatcher.rb:149:in `handle_request'
    /usr/lib/ruby/gems/1.8/gems/actionpack-2.1.0/lib/action_controller/dispatcher.rb:107:in `dispatch'
    /usr/lib/ruby/gems/1.8/gems/actionpack-2.1.0/lib/action_controller/dispatcher.rb:104:in `synchronize'
    /usr/lib/ruby/gems/1.8/gems/actionpack-2.1.0/lib/action_controller/dispatcher.rb:104:in `dispatch'
    /usr/lib/ruby/gems/1.8/gems/actionpack-2.1.0/lib/action_controller/dispatcher.rb:120:in `dispatch_cgi'
    /usr/lib/ruby/gems/1.8/gems/actionpack-2.1.0/lib/action_controller/dispatcher.rb:35:in `dispatch'
    /usr/lib/ruby/gems/1.8/gems/mongrel-1.1.5/bin/../lib/mongrel/rails.rb:76:in `process'
    /usr/lib/ruby/gems/1.8/gems/mongrel-1.1.5/bin/../lib/mongrel/rails.rb:74:in `synchronize'
    /usr/lib/ruby/gems/1.8/gems/mongrel-1.1.5/bin/../lib/mongrel/rails.rb:74:in `process'
    /usr/lib/ruby/gems/1.8/gems/mongrel-1.1.5/lib/mongrel.rb:159:in `process_client'
    /usr/lib/ruby/gems/1.8/gems/mongrel-1.1.5/lib/mongrel.rb:158:in `each'
    /usr/lib/ruby/gems/1.8/gems/mongrel-1.1.5/lib/mongrel.rb:158:in `process_client'
    /usr/lib/ruby/gems/1.8/gems/mongrel-1.1.5/lib/mongrel.rb:285:in `run'
    /usr/lib/ruby/gems/1.8/gems/mongrel-1.1.5/lib/mongrel.rb:285:in `initialize'
    /usr/lib/ruby/gems/1.8/gems/mongrel-1.1.5/lib/mongrel.rb:285:in `new'
    /usr/lib/ruby/gems/1.8/gems/mongrel-1.1.5/lib/mongrel.rb:285:in `run'
    /usr/lib/ruby/gems/1.8/gems/mongrel-1.1.5/lib/mongrel.rb:268:in `initialize'
    /usr/lib/ruby/gems/1.8/gems/mongrel-1.1.5/lib/mongrel.rb:268:in `new'
    /usr/lib/ruby/gems/1.8/gems/mongrel-1.1.5/lib/mongrel.rb:268:in `run'
    /usr/lib/ruby/gems/1.8/gems/mongrel-1.1.5/lib/mongrel/configurator.rb:282:in `run'
    /usr/lib/ruby/gems/1.8/gems/mongrel-1.1.5/lib/mongrel/configurator.rb:281:in `each'
    /usr/lib/ruby/gems/1.8/gems/mongrel-1.1.5/lib/mongrel/configurator.rb:281:in `run'
    /usr/lib/ruby/gems/1.8/gems/mongrel-1.1.5/bin/mongrel_rails:128:in `run'
    /usr/lib/ruby/gems/1.8/gems/mongrel-1.1.5/lib/mongrel/command.rb:212:in `run'
    /usr/lib/ruby/gems/1.8/gems/mongrel-1.1.5/bin/mongrel_rails:281
    /usr/lib/ruby/gems/1.8/gems/activesupport-2.1.0/lib/active_support/dependencies.rb:502:in `load'
    /usr/lib/ruby/gems/1.8/gems/activesupport-2.1.0/lib/active_support/dependencies.rb:502:in `load'
    /usr/lib/ruby/gems/1.8/gems/activesupport-2.1.0/lib/active_support/dependencies.rb:354:in `new_constants_in'
    /usr/lib/ruby/gems/1.8/gems/activesupport-2.1.0/lib/active_support/dependencies.rb:502:in `load'
    /usr/lib/ruby/gems/1.8/gems/rails-2.1.0/lib/commands/servers/mongrel.rb:64
    /usr/lib/ruby/site_ruby/1.8/rubygems/custom_require.rb:27:in `gem_original_require'
    /usr/lib/ruby/site_ruby/1.8/rubygems/custom_require.rb:27:in `require'
    /usr/lib/ruby/gems/1.8/gems/activesupport-2.1.0/lib/active_support/dependencies.rb:509:in `require'
    /usr/lib/ruby/gems/1.8/gems/activesupport-2.1.0/lib/active_support/dependencies.rb:354:in `new_constants_in'
    /usr/lib/ruby/gems/1.8/gems/activesupport-2.1.0/lib/active_support/dependencies.rb:509:in `require'
    /usr/lib/ruby/gems/1.8/gems/rails-2.1.0/lib/commands/server.rb:39
    /usr/lib/ruby/site_ruby/1.8/rubygems/custom_require.rb:27:in `gem_original_require'
    /usr/lib/ruby/site_ruby/1.8/rubygems/custom_require.rb:27:in `require'
    script/server:3

Rendering /usr/lib/ruby/gems/1.8/gems/actionpack-2.1.0/lib/action_controller/templates/rescues/layout.erb (internal_server_error)
  [4;36;1mSQL (0.000359)[0m   [0;1m SELECT name
 FROM sqlite_master
 WHERE type = 'table' AND NOT name = 'sqlite_sequence'
[0m
  [4;35;1mSQL (0.000137)[0m   [0mselect sqlite_version(*)[0m
  [4;36;1mSQL (0.009601)[0m   [0;1mCREATE TABLE "schema_migrations" ("version" varchar(255) NOT NULL) [0m
  [4;35;1mSQL (0.002995)[0m   [0mCREATE UNIQUE INDEX "unique_schema_migrations" ON "schema_migrations" ("version")[0m
  [4;36;1mSQL (0.000254)[0m   [0;1m SELECT name
 FROM sqlite_master
 WHERE type = 'table' AND NOT name = 'sqlite_sequence'
[0m
  [4;35;1mSQL (0.000094)[0m   [0mSELECT version FROM schema_migrations[0m
  [4;36;1mSQL (0.000107)[0m   [0;1mSELECT version FROM schema_migrations[0m
  [4;35;1mSQL (0.000064)[0m   [0mSELECT version FROM schema_migrations[0m
Migrating to CreateIngredients (1)
  [4;36;1mSQL (0.000063)[0m   [0;1mSELECT version FROM schema_migrations[0m
  [4;35;1mSQL (0.003161)[0m   [0mCREATE TABLE "ingredients" ("id" INTEGER PRIMARY KEY AUTOINCREMENT NOT NULL, "name" varchar(255) DEFAULT NULL NULL, "percentage" integer DEFAULT NULL NULL) [0m
  [4;36;1mSQL (0.002721)[0m   [0;1mINSERT INTO schema_migrations (version) VALUES ('1')[0m
Migrating to CreateReservoirs (2)
  [4;35;1mSQL (0.000124)[0m   [0mSELECT version FROM schema_migrations[0m
  [4;36;1mSQL (0.003991)[0m   [0;1mCREATE TABLE "reservoirs" ("id" INTEGER PRIMARY KEY AUTOINCREMENT NOT NULL, "ingredient_id" integer DEFAULT NULL NULL, "bay" integer DEFAULT NULL NULL, "created_at" datetime DEFAULT NULL NULL, "updated_at" datetime DEFAULT NULL NULL) [0m
  [4;35;1mSQL (0.002934)[0m   [0mINSERT INTO schema_migrations (version) VALUES ('2')[0m
Migrating to CreateDrinks (3)
  [4;36;1mSQL (0.000148)[0m   [0;1mSELECT version FROM schema_migrations[0m
  [4;35;1mSQL (0.003675)[0m   [0mCREATE TABLE "drinks" ("id" INTEGER PRIMARY KEY AUTOINCREMENT NOT NULL, "name" varchar(255) DEFAULT NULL NULL, "created_at" datetime DEFAULT NULL NULL, "updated_at" datetime DEFAULT NULL NULL) [0m
  [4;36;1mSQL (0.002626)[0m   [0;1mINSERT INTO schema_migrations (version) VALUES ('3')[0m
  [4;35;1mSQL (0.000189)[0m   [0mSELECT version FROM schema_migrations[0m
  [4;36;1mSQL (0.000228)[0m   [0;1m SELECT name
 FROM sqlite_master
 WHERE type = 'table' AND NOT name = 'sqlite_sequence'
[0m
  [4;35;1mSQL (0.000044)[0m   [0mPRAGMA index_list("drinks")[0m
  [4;36;1mSQL (0.000044)[0m   [0;1mPRAGMA index_list("ingredients")[0m
  [4;35;1mSQL (0.000043)[0m   [0mPRAGMA index_list("reservoirs")[0m


Processing IngredientsController#show (for 127.0.0.1 at 2008-06-22 16:31:39) [GET]
  Session ID: BAh7BiIKZmxhc2hJQzonQWN0aW9uQ29udHJvbGxlcjo6Rmxhc2g6OkZsYXNo
SGFzaHsABjoKQHVzZWR7AA==--8ed97ae43627262ca420905a3eff1ad99c33b004
  Parameters: {"action"=>"show", "id"=>"1", "controller"=>"ingredients"}
  [4;36;1mIngredient Load (0.000185)[0m   [0;1mSELECT * FROM "ingredients" WHERE ("ingredients"."id" = 1) [0m
Rendering ingredients/show
Completed in 0.00585 (170 reqs/sec) | Rendering: 0.00064 (10%) | DB: 0.00019 (3%) | 200 OK [http://localhost/ingredients/1]


Processing IngredientsController#show (for 127.0.0.1 at 2008-06-22 16:32:15) [GET]
  Session ID: BAh7BiIKZmxhc2hJQzonQWN0aW9uQ29udHJvbGxlcjo6Rmxhc2g6OkZsYXNo
SGFzaHsABjoKQHVzZWR7AA==--8ed97ae43627262ca420905a3eff1ad99c33b004
  Parameters: {"action"=>"show", "id"=>"1", "controller"=>"ingredients"}
  [4;35;1mIngredient Load (0.000160)[0m   [0mSELECT * FROM "ingredients" WHERE ("ingredients"."id" = 1) [0m
Rendering ingredients/show
Completed in 0.00686 (145 reqs/sec) | Rendering: 0.00170 (24%) | DB: 0.00016 (2%) | 200 OK [http://localhost/ingredients/1]


Processing IngredientsController#show (for 127.0.0.1 at 2008-06-22 16:32:19) [GET]
  Session ID: BAh7BiIKZmxhc2hJQzonQWN0aW9uQ29udHJvbGxlcjo6Rmxhc2g6OkZsYXNo
SGFzaHsABjoKQHVzZWR7AA==--8ed97ae43627262ca420905a3eff1ad99c33b004
  Parameters: {"action"=>"show", "id"=>"1", "controller"=>"ingredients"}
  [4;36;1mIngredient Load (0.000170)[0m   [0;1mSELECT * FROM "ingredients" WHERE ("ingredients"."id" = 1) [0m
Rendering ingredients/show
Completed in 0.00577 (173 reqs/sec) | Rendering: 0.00107 (18%) | DB: 0.00017 (2%) | 200 OK [http://localhost/ingredients/1]


Processing IngredientsController#show (for 127.0.0.1 at 2008-06-22 16:32:29) [GET]
  Session ID: BAh7BiIKZmxhc2hJQzonQWN0aW9uQ29udHJvbGxlcjo6Rmxhc2g6OkZsYXNo
SGFzaHsABjoKQHVzZWR7AA==--8ed97ae43627262ca420905a3eff1ad99c33b004
  Parameters: {"action"=>"show", "id"=>"1", "controller"=>"ingredients"}
  [4;35;1mIngredient Load (0.000169)[0m   [0mSELECT * FROM "ingredients" WHERE ("ingredients"."id" = 1) [0m
Rendering ingredients/show
Completed in 0.00582 (171 reqs/sec) | Rendering: 0.00098 (16%) | DB: 0.00017 (2%) | 200 OK [http://localhost/ingredients/1]


Processing IngredientsController#show (for 127.0.0.1 at 2008-06-22 16:32:41) [GET]
  Session ID: BAh7BiIKZmxhc2hJQzonQWN0aW9uQ29udHJvbGxlcjo6Rmxhc2g6OkZsYXNo
SGFzaHsABjoKQHVzZWR7AA==--8ed97ae43627262ca420905a3eff1ad99c33b004
  Parameters: {"action"=>"show", "id"=>"1", "controller"=>"ingredients"}
  [4;36;1mIngredient Load (0.000169)[0m   [0;1mSELECT * FROM "ingredients" WHERE ("ingredients"."id" = 1) [0m
Rendering ingredients/show
Completed in 0.00586 (170 reqs/sec) | Rendering: 0.00095 (16%) | DB: 0.00017 (2%) | 200 OK [http://localhost/ingredients/1]


Processing IngredientsController#show (for 127.0.0.1 at 2008-06-22 16:32:45) [GET]
  Session ID: BAh7BiIKZmxhc2hJQzonQWN0aW9uQ29udHJvbGxlcjo6Rmxhc2g6OkZsYXNo
SGFzaHsABjoKQHVzZWR7AA==--8ed97ae43627262ca420905a3eff1ad99c33b004
  Parameters: {"action"=>"show", "id"=>"1", "controller"=>"ingredients"}
  [4;35;1mIngredient Load (0.000186)[0m   [0mSELECT * FROM "ingredients" WHERE ("ingredients"."id" = 1) [0m
Rendering ingredients/show
Completed in 0.00561 (178 reqs/sec) | Rendering: 0.00090 (16%) | DB: 0.00019 (3%) | 200 OK [http://localhost/ingredients/1]


Processing IngredientsController#show (for 127.0.0.1 at 2008-06-22 16:33:27) [GET]
  Session ID: BAh7BiIKZmxhc2hJQzonQWN0aW9uQ29udHJvbGxlcjo6Rmxhc2g6OkZsYXNo
SGFzaHsABjoKQHVzZWR7AA==--8ed97ae43627262ca420905a3eff1ad99c33b004
  Parameters: {"action"=>"show", "id"=>"1", "controller"=>"ingredients"}
  [4;36;1mIngredient Load (0.000157)[0m   [0;1mSELECT * FROM "ingredients" WHERE ("ingredients"."id" = 1) [0m
Rendering ingredients/show


ActionView::TemplateError (undefined local variable or method `link' for #<ActionView::Base:0xb72c05e4>) on line #4 of ingredients/show.html.erb:
1: <h3><%= @ingredient.name %></h3>
2: <%= @ingredient.percentage %>% alcohol
3: 
4: <%= link.to 'all ingredients', :controller => 'ingredients', :action => 'list' %>

    app/views/ingredients/show.html.erb:4:in `_run_erb_47app47views47ingredients47show46html46erb'
    /usr/lib/ruby/gems/1.8/gems/actionpack-2.1.0/lib/action_view/base.rb:338:in `send'
    /usr/lib/ruby/gems/1.8/gems/actionpack-2.1.0/lib/action_view/base.rb:338:in `execute'
    /usr/lib/ruby/gems/1.8/gems/actionpack-2.1.0/lib/action_view/template_handlers/compilable.rb:29:in `send'
    /usr/lib/ruby/gems/1.8/gems/actionpack-2.1.0/lib/action_view/template_handlers/compilable.rb:29:in `render'
    /usr/lib/ruby/gems/1.8/gems/actionpack-2.1.0/lib/action_view/template.rb:35:in `render'
    /usr/lib/ruby/gems/1.8/gems/actionpack-2.1.0/lib/action_view/template.rb:22:in `render_template'
    /usr/lib/ruby/gems/1.8/gems/actionpack-2.1.0/lib/action_view/base.rb:245:in `render_file'
    /usr/lib/ruby/gems/1.8/gems/actionpack-2.1.0/lib/action_controller/base.rb:1108:in `render_for_file'
    /usr/lib/ruby/gems/1.8/gems/actionpack-2.1.0/lib/action_controller/base.rb:841:in `render_with_no_layout'
    /usr/lib/ruby/gems/1.8/gems/actionpack-2.1.0/lib/action_controller/layout.rb:259:in `render_without_benchmark'
    /usr/lib/ruby/gems/1.8/gems/actionpack-2.1.0/lib/action_controller/benchmarking.rb:51:in `render'
    /usr/lib/ruby/gems/1.8/gems/activesupport-2.1.0/lib/active_support/core_ext/benchmark.rb:8:in `realtime'
    /usr/lib/ruby/gems/1.8/gems/actionpack-2.1.0/lib/action_controller/benchmarking.rb:51:in `render'
    /usr/lib/ruby/gems/1.8/gems/actionpack-2.1.0/lib/action_controller/base.rb:1157:in `default_render'
    /usr/lib/ruby/gems/1.8/gems/actionpack-2.1.0/lib/action_controller/base.rb:1163:in `perform_action_without_filters'
    /usr/lib/ruby/gems/1.8/gems/actionpack-2.1.0/lib/action_controller/filters.rb:580:in `call_filters'
    /usr/lib/ruby/gems/1.8/gems/actionpack-2.1.0/lib/action_controller/filters.rb:573:in `perform_action_without_benchmark'
    /usr/lib/ruby/gems/1.8/gems/actionpack-2.1.0/lib/action_controller/benchmarking.rb:68:in `perform_action_without_rescue'
    /usr/lib/ruby/1.8/benchmark.rb:293:in `measure'
    /usr/lib/ruby/gems/1.8/gems/actionpack-2.1.0/lib/action_controller/benchmarking.rb:68:in `perform_action_without_rescue'
    /usr/lib/ruby/gems/1.8/gems/actionpack-2.1.0/lib/action_controller/rescue.rb:201:in `perform_action_without_caching'
    /usr/lib/ruby/gems/1.8/gems/actionpack-2.1.0/lib/action_controller/caching/sql_cache.rb:13:in `perform_action'
    /usr/lib/ruby/gems/1.8/gems/activerecord-2.1.0/lib/active_record/connection_adapters/abstract/query_cache.rb:33:in `cache'
    /usr/lib/ruby/gems/1.8/gems/activerecord-2.1.0/lib/active_record/query_cache.rb:8:in `cache'
    /usr/lib/ruby/gems/1.8/gems/actionpack-2.1.0/lib/action_controller/caching/sql_cache.rb:12:in `perform_action'
    /usr/lib/ruby/gems/1.8/gems/actionpack-2.1.0/lib/action_controller/base.rb:529:in `send'
    /usr/lib/ruby/gems/1.8/gems/actionpack-2.1.0/lib/action_controller/base.rb:529:in `process_without_filters'
    /usr/lib/ruby/gems/1.8/gems/actionpack-2.1.0/lib/action_controller/filters.rb:569:in `process_without_session_management_support'
    /usr/lib/ruby/gems/1.8/gems/actionpack-2.1.0/lib/action_controller/session_management.rb:130:in `process'
    /usr/lib/ruby/gems/1.8/gems/actionpack-2.1.0/lib/action_controller/base.rb:389:in `process'
    /usr/lib/ruby/gems/1.8/gems/actionpack-2.1.0/lib/action_controller/dispatcher.rb:149:in `handle_request'
    /usr/lib/ruby/gems/1.8/gems/actionpack-2.1.0/lib/action_controller/dispatcher.rb:107:in `dispatch'
    /usr/lib/ruby/gems/1.8/gems/actionpack-2.1.0/lib/action_controller/dispatcher.rb:104:in `synchronize'
    /usr/lib/ruby/gems/1.8/gems/actionpack-2.1.0/lib/action_controller/dispatcher.rb:104:in `dispatch'
    /usr/lib/ruby/gems/1.8/gems/actionpack-2.1.0/lib/action_controller/dispatcher.rb:120:in `dispatch_cgi'
    /usr/lib/ruby/gems/1.8/gems/actionpack-2.1.0/lib/action_controller/dispatcher.rb:35:in `dispatch'
    /usr/lib/ruby/gems/1.8/gems/mongrel-1.1.5/lib/mongrel/rails.rb:76:in `process'
    /usr/lib/ruby/gems/1.8/gems/mongrel-1.1.5/lib/mongrel/rails.rb:74:in `synchronize'
    /usr/lib/ruby/gems/1.8/gems/mongrel-1.1.5/lib/mongrel/rails.rb:74:in `process'
    /usr/lib/ruby/gems/1.8/gems/mongrel-1.1.5/lib/mongrel.rb:159:in `process_client'
    /usr/lib/ruby/gems/1.8/gems/mongrel-1.1.5/lib/mongrel.rb:158:in `each'
    /usr/lib/ruby/gems/1.8/gems/mongrel-1.1.5/lib/mongrel.rb:158:in `process_client'
    /usr/lib/ruby/gems/1.8/gems/mongrel-1.1.5/lib/mongrel.rb:285:in `run'
    /usr/lib/ruby/gems/1.8/gems/mongrel-1.1.5/lib/mongrel.rb:285:in `initialize'
    /usr/lib/ruby/gems/1.8/gems/mongrel-1.1.5/lib/mongrel.rb:285:in `new'
    /usr/lib/ruby/gems/1.8/gems/mongrel-1.1.5/lib/mongrel.rb:285:in `run'
    /usr/lib/ruby/gems/1.8/gems/mongrel-1.1.5/lib/mongrel.rb:268:in `initialize'
    /usr/lib/ruby/gems/1.8/gems/mongrel-1.1.5/lib/mongrel.rb:268:in `new'
    /usr/lib/ruby/gems/1.8/gems/mongrel-1.1.5/lib/mongrel.rb:268:in `run'
    /usr/lib/ruby/gems/1.8/gems/mongrel-1.1.5/lib/mongrel/configurator.rb:282:in `run'
    /usr/lib/ruby/gems/1.8/gems/mongrel-1.1.5/lib/mongrel/configurator.rb:281:in `each'
    /usr/lib/ruby/gems/1.8/gems/mongrel-1.1.5/lib/mongrel/configurator.rb:281:in `run'
    /usr/lib/ruby/gems/1.8/gems/mongrel-1.1.5/bin/mongrel_rails:128:in `run'
    /usr/lib/ruby/gems/1.8/gems/mongrel-1.1.5/lib/mongrel/command.rb:212:in `run'
    /usr/lib/ruby/gems/1.8/gems/mongrel-1.1.5/bin/mongrel_rails:281
    /usr/lib/ruby/gems/1.8/gems/activesupport-2.1.0/lib/active_support/dependencies.rb:502:in `load'
    /usr/lib/ruby/gems/1.8/gems/activesupport-2.1.0/lib/active_support/dependencies.rb:502:in `load'
    /usr/lib/ruby/gems/1.8/gems/activesupport-2.1.0/lib/active_support/dependencies.rb:354:in `new_constants_in'
    /usr/lib/ruby/gems/1.8/gems/activesupport-2.1.0/lib/active_support/dependencies.rb:502:in `load'
    /usr/lib/ruby/gems/1.8/gems/rails-2.1.0/lib/commands/servers/mongrel.rb:64
    /usr/lib/ruby/site_ruby/1.8/rubygems/custom_require.rb:27:in `gem_original_require'
    /usr/lib/ruby/site_ruby/1.8/rubygems/custom_require.rb:27:in `require'
    /usr/lib/ruby/gems/1.8/gems/activesupport-2.1.0/lib/active_support/dependencies.rb:509:in `require'
    /usr/lib/ruby/gems/1.8/gems/activesupport-2.1.0/lib/active_support/dependencies.rb:354:in `new_constants_in'
    /usr/lib/ruby/gems/1.8/gems/activesupport-2.1.0/lib/active_support/dependencies.rb:509:in `require'
    /usr/lib/ruby/gems/1.8/gems/rails-2.1.0/lib/commands/server.rb:39
    /usr/lib/ruby/site_ruby/1.8/rubygems/custom_require.rb:27:in `gem_original_require'
    /usr/lib/ruby/site_ruby/1.8/rubygems/custom_require.rb:27:in `require'
    script/server:3

Rendering /usr/lib/ruby/gems/1.8/gems/actionpack-2.1.0/lib/action_controller/templates/rescues/layout.erb (internal_server_error)


Processing IngredientsController#show (for 127.0.0.1 at 2008-06-22 16:33:34) [GET]
  Session ID: BAh7BiIKZmxhc2hJQzonQWN0aW9uQ29udHJvbGxlcjo6Rmxhc2g6OkZsYXNo
SGFzaHsABjoKQHVzZWR7AA==--8ed97ae43627262ca420905a3eff1ad99c33b004
  Parameters: {"action"=>"show", "id"=>"1", "controller"=>"ingredients"}
  [4;35;1mIngredient Load (0.000156)[0m   [0mSELECT * FROM "ingredients" WHERE ("ingredients"."id" = 1) [0m
Rendering ingredients/show
Completed in 0.00601 (166 reqs/sec) | Rendering: 0.00162 (27%) | DB: 0.00016 (2%) | 200 OK [http://localhost/ingredients/1]


Processing IngredientsController#show (for 127.0.0.1 at 2008-06-22 16:33:42) [GET]
  Session ID: BAh7BiIKZmxhc2hJQzonQWN0aW9uQ29udHJvbGxlcjo6Rmxhc2g6OkZsYXNo
SGFzaHsABjoKQHVzZWR7AA==--8ed97ae43627262ca420905a3eff1ad99c33b004
  Parameters: {"action"=>"show", "id"=>"1", "controller"=>"ingredients"}
  [4;36;1mIngredient Load (0.000159)[0m   [0;1mSELECT * FROM "ingredients" WHERE ("ingredients"."id" = 1) [0m
Rendering ingredients/show
Completed in 0.00561 (178 reqs/sec) | Rendering: 0.00117 (20%) | DB: 0.00016 (2%) | 200 OK [http://localhost/ingredients/1]


Processing IngredientsController#show (for 127.0.0.1 at 2008-06-22 16:33:48) [GET]
  Session ID: BAh7BiIKZmxhc2hJQzonQWN0aW9uQ29udHJvbGxlcjo6Rmxhc2g6OkZsYXNo
SGFzaHsABjoKQHVzZWR7AA==--8ed97ae43627262ca420905a3eff1ad99c33b004
  Parameters: {"action"=>"show", "id"=>"1", "controller"=>"ingredients"}
  [4;35;1mIngredient Load (0.000159)[0m   [0mSELECT * FROM "ingredients" WHERE ("ingredients"."id" = 1) [0m
Rendering ingredients/show
Completed in 0.00567 (176 reqs/sec) | Rendering: 0.00111 (19%) | DB: 0.00016 (2%) | 200 OK [http://localhost/ingredients/1]


Processing IngredientsController#show (for 127.0.0.1 at 2008-06-22 16:33:50) [GET]
  Session ID: BAh7BiIKZmxhc2hJQzonQWN0aW9uQ29udHJvbGxlcjo6Rmxhc2g6OkZsYXNo
SGFzaHsABjoKQHVzZWR7AA==--8ed97ae43627262ca420905a3eff1ad99c33b004
  Parameters: {"action"=>"show", "id"=>"list", "controller"=>"ingredients"}
  [4;36;1mIngredient Load (0.000102)[0m   [0;1mSELECT * FROM "ingredients" WHERE ("ingredients"."id" = 0) [0m


ActiveRecord::RecordNotFound (Couldn't find Ingredient with ID=list):
    /usr/lib/ruby/gems/1.8/gems/activerecord-2.1.0/lib/active_record/base.rb:1379:in `find_one'
    /usr/lib/ruby/gems/1.8/gems/activerecord-2.1.0/lib/active_record/base.rb:1362:in `find_from_ids'
    /usr/lib/ruby/gems/1.8/gems/activerecord-2.1.0/lib/active_record/base.rb:537:in `find'
    /app/controllers/ingredients_controller.rb:7:in `show'
    /usr/lib/ruby/gems/1.8/gems/actionpack-2.1.0/lib/action_controller/base.rb:1162:in `send'
    /usr/lib/ruby/gems/1.8/gems/actionpack-2.1.0/lib/action_controller/base.rb:1162:in `perform_action_without_filters'
    /usr/lib/ruby/gems/1.8/gems/actionpack-2.1.0/lib/action_controller/filters.rb:580:in `call_filters'
    /usr/lib/ruby/gems/1.8/gems/actionpack-2.1.0/lib/action_controller/filters.rb:573:in `perform_action_without_benchmark'
    /usr/lib/ruby/gems/1.8/gems/actionpack-2.1.0/lib/action_controller/benchmarking.rb:68:in `perform_action_without_rescue'
    /usr/lib/ruby/1.8/benchmark.rb:293:in `measure'
    /usr/lib/ruby/gems/1.8/gems/actionpack-2.1.0/lib/action_controller/benchmarking.rb:68:in `perform_action_without_rescue'
    /usr/lib/ruby/gems/1.8/gems/actionpack-2.1.0/lib/action_controller/rescue.rb:201:in `perform_action_without_caching'
    /usr/lib/ruby/gems/1.8/gems/actionpack-2.1.0/lib/action_controller/caching/sql_cache.rb:13:in `perform_action'
    /usr/lib/ruby/gems/1.8/gems/activerecord-2.1.0/lib/active_record/connection_adapters/abstract/query_cache.rb:33:in `cache'
    /usr/lib/ruby/gems/1.8/gems/activerecord-2.1.0/lib/active_record/query_cache.rb:8:in `cache'
    /usr/lib/ruby/gems/1.8/gems/actionpack-2.1.0/lib/action_controller/caching/sql_cache.rb:12:in `perform_action'
    /usr/lib/ruby/gems/1.8/gems/actionpack-2.1.0/lib/action_controller/base.rb:529:in `send'
    /usr/lib/ruby/gems/1.8/gems/actionpack-2.1.0/lib/action_controller/base.rb:529:in `process_without_filters'
    /usr/lib/ruby/gems/1.8/gems/actionpack-2.1.0/lib/action_controller/filters.rb:569:in `process_without_session_management_support'
    /usr/lib/ruby/gems/1.8/gems/actionpack-2.1.0/lib/action_controller/session_management.rb:130:in `process'
    /usr/lib/ruby/gems/1.8/gems/actionpack-2.1.0/lib/action_controller/base.rb:389:in `process'
    /usr/lib/ruby/gems/1.8/gems/actionpack-2.1.0/lib/action_controller/dispatcher.rb:149:in `handle_request'
    /usr/lib/ruby/gems/1.8/gems/actionpack-2.1.0/lib/action_controller/dispatcher.rb:107:in `dispatch'
    /usr/lib/ruby/gems/1.8/gems/actionpack-2.1.0/lib/action_controller/dispatcher.rb:104:in `synchronize'
    /usr/lib/ruby/gems/1.8/gems/actionpack-2.1.0/lib/action_controller/dispatcher.rb:104:in `dispatch'
    /usr/lib/ruby/gems/1.8/gems/actionpack-2.1.0/lib/action_controller/dispatcher.rb:120:in `dispatch_cgi'
    /usr/lib/ruby/gems/1.8/gems/actionpack-2.1.0/lib/action_controller/dispatcher.rb:35:in `dispatch'
    /usr/lib/ruby/gems/1.8/gems/mongrel-1.1.5/bin/../lib/mongrel/rails.rb:76:in `process'
    /usr/lib/ruby/gems/1.8/gems/mongrel-1.1.5/bin/../lib/mongrel/rails.rb:74:in `synchronize'
    /usr/lib/ruby/gems/1.8/gems/mongrel-1.1.5/bin/../lib/mongrel/rails.rb:74:in `process'
    /usr/lib/ruby/gems/1.8/gems/mongrel-1.1.5/lib/mongrel.rb:159:in `process_client'
    /usr/lib/ruby/gems/1.8/gems/mongrel-1.1.5/lib/mongrel.rb:158:in `each'
    /usr/lib/ruby/gems/1.8/gems/mongrel-1.1.5/lib/mongrel.rb:158:in `process_client'
    /usr/lib/ruby/gems/1.8/gems/mongrel-1.1.5/lib/mongrel.rb:285:in `run'
    /usr/lib/ruby/gems/1.8/gems/mongrel-1.1.5/lib/mongrel.rb:285:in `initialize'
    /usr/lib/ruby/gems/1.8/gems/mongrel-1.1.5/lib/mongrel.rb:285:in `new'
    /usr/lib/ruby/gems/1.8/gems/mongrel-1.1.5/lib/mongrel.rb:285:in `run'
    /usr/lib/ruby/gems/1.8/gems/mongrel-1.1.5/lib/mongrel.rb:268:in `initialize'
    /usr/lib/ruby/gems/1.8/gems/mongrel-1.1.5/lib/mongrel.rb:268:in `new'
    /usr/lib/ruby/gems/1.8/gems/mongrel-1.1.5/lib/mongrel.rb:268:in `run'
    /usr/lib/ruby/gems/1.8/gems/mongrel-1.1.5/lib/mongrel/configurator.rb:282:in `run'
    /usr/lib/ruby/gems/1.8/gems/mongrel-1.1.5/lib/mongrel/configurator.rb:281:in `each'
    /usr/lib/ruby/gems/1.8/gems/mongrel-1.1.5/lib/mongrel/configurator.rb:281:in `run'
    /usr/lib/ruby/gems/1.8/gems/mongrel-1.1.5/bin/mongrel_rails:128:in `run'
    /usr/lib/ruby/gems/1.8/gems/mongrel-1.1.5/lib/mongrel/command.rb:212:in `run'
    /usr/lib/ruby/gems/1.8/gems/mongrel-1.1.5/bin/mongrel_rails:281
    /usr/lib/ruby/gems/1.8/gems/activesupport-2.1.0/lib/active_support/dependencies.rb:502:in `load'
    /usr/lib/ruby/gems/1.8/gems/activesupport-2.1.0/lib/active_support/dependencies.rb:502:in `load'
    /usr/lib/ruby/gems/1.8/gems/activesupport-2.1.0/lib/active_support/dependencies.rb:354:in `new_constants_in'
    /usr/lib/ruby/gems/1.8/gems/activesupport-2.1.0/lib/active_support/dependencies.rb:502:in `load'
    /usr/lib/ruby/gems/1.8/gems/rails-2.1.0/lib/commands/servers/mongrel.rb:64
    /usr/lib/ruby/site_ruby/1.8/rubygems/custom_require.rb:27:in `gem_original_require'
    /usr/lib/ruby/site_ruby/1.8/rubygems/custom_require.rb:27:in `require'
    /usr/lib/ruby/gems/1.8/gems/activesupport-2.1.0/lib/active_support/dependencies.rb:509:in `require'
    /usr/lib/ruby/gems/1.8/gems/activesupport-2.1.0/lib/active_support/dependencies.rb:354:in `new_constants_in'
    /usr/lib/ruby/gems/1.8/gems/activesupport-2.1.0/lib/active_support/dependencies.rb:509:in `require'
    /usr/lib/ruby/gems/1.8/gems/rails-2.1.0/lib/commands/server.rb:39
    /usr/lib/ruby/site_ruby/1.8/rubygems/custom_require.rb:27:in `gem_original_require'
    /usr/lib/ruby/site_ruby/1.8/rubygems/custom_require.rb:27:in `require'
    script/server:3

Rendering /usr/lib/ruby/gems/1.8/gems/actionpack-2.1.0/lib/action_controller/templates/rescues/layout.erb (not_found)


Processing IngredientsController#show (for 127.0.0.1 at 2008-06-22 16:34:51) [GET]
  Session ID: BAh7BiIKZmxhc2hJQzonQWN0aW9uQ29udHJvbGxlcjo6Rmxhc2g6OkZsYXNo
SGFzaHsABjoKQHVzZWR7AA==--8ed97ae43627262ca420905a3eff1ad99c33b004
  Parameters: {"action"=>"show", "id"=>"list", "controller"=>"ingredients"}
  [4;35;1mIngredient Load (0.000101)[0m   [0mSELECT * FROM "ingredients" WHERE ("ingredients"."id" = 0) [0m


ActiveRecord::RecordNotFound (Couldn't find Ingredient with ID=list):
    /usr/lib/ruby/gems/1.8/gems/activerecord-2.1.0/lib/active_record/base.rb:1379:in `find_one'
    /usr/lib/ruby/gems/1.8/gems/activerecord-2.1.0/lib/active_record/base.rb:1362:in `find_from_ids'
    /usr/lib/ruby/gems/1.8/gems/activerecord-2.1.0/lib/active_record/base.rb:537:in `find'
    /app/controllers/ingredients_controller.rb:8:in `show'
    /usr/lib/ruby/gems/1.8/gems/actionpack-2.1.0/lib/action_controller/base.rb:1162:in `send'
    /usr/lib/ruby/gems/1.8/gems/actionpack-2.1.0/lib/action_controller/base.rb:1162:in `perform_action_without_filters'
    /usr/lib/ruby/gems/1.8/gems/actionpack-2.1.0/lib/action_controller/filters.rb:580:in `call_filters'
    /usr/lib/ruby/gems/1.8/gems/actionpack-2.1.0/lib/action_controller/filters.rb:573:in `perform_action_without_benchmark'
    /usr/lib/ruby/gems/1.8/gems/actionpack-2.1.0/lib/action_controller/benchmarking.rb:68:in `perform_action_without_rescue'
    /usr/lib/ruby/1.8/benchmark.rb:293:in `measure'
    /usr/lib/ruby/gems/1.8/gems/actionpack-2.1.0/lib/action_controller/benchmarking.rb:68:in `perform_action_without_rescue'
    /usr/lib/ruby/gems/1.8/gems/actionpack-2.1.0/lib/action_controller/rescue.rb:201:in `perform_action_without_caching'
    /usr/lib/ruby/gems/1.8/gems/actionpack-2.1.0/lib/action_controller/caching/sql_cache.rb:13:in `perform_action'
    /usr/lib/ruby/gems/1.8/gems/activerecord-2.1.0/lib/active_record/connection_adapters/abstract/query_cache.rb:33:in `cache'
    /usr/lib/ruby/gems/1.8/gems/activerecord-2.1.0/lib/active_record/query_cache.rb:8:in `cache'
    /usr/lib/ruby/gems/1.8/gems/actionpack-2.1.0/lib/action_controller/caching/sql_cache.rb:12:in `perform_action'
    /usr/lib/ruby/gems/1.8/gems/actionpack-2.1.0/lib/action_controller/base.rb:529:in `send'
    /usr/lib/ruby/gems/1.8/gems/actionpack-2.1.0/lib/action_controller/base.rb:529:in `process_without_filters'
    /usr/lib/ruby/gems/1.8/gems/actionpack-2.1.0/lib/action_controller/filters.rb:569:in `process_without_session_management_support'
    /usr/lib/ruby/gems/1.8/gems/actionpack-2.1.0/lib/action_controller/session_management.rb:130:in `process'
    /usr/lib/ruby/gems/1.8/gems/actionpack-2.1.0/lib/action_controller/base.rb:389:in `process'
    /usr/lib/ruby/gems/1.8/gems/actionpack-2.1.0/lib/action_controller/dispatcher.rb:149:in `handle_request'
    /usr/lib/ruby/gems/1.8/gems/actionpack-2.1.0/lib/action_controller/dispatcher.rb:107:in `dispatch'
    /usr/lib/ruby/gems/1.8/gems/actionpack-2.1.0/lib/action_controller/dispatcher.rb:104:in `synchronize'
    /usr/lib/ruby/gems/1.8/gems/actionpack-2.1.0/lib/action_controller/dispatcher.rb:104:in `dispatch'
    /usr/lib/ruby/gems/1.8/gems/actionpack-2.1.0/lib/action_controller/dispatcher.rb:120:in `dispatch_cgi'
    /usr/lib/ruby/gems/1.8/gems/actionpack-2.1.0/lib/action_controller/dispatcher.rb:35:in `dispatch'
    /usr/lib/ruby/gems/1.8/gems/mongrel-1.1.5/bin/../lib/mongrel/rails.rb:76:in `process'
    /usr/lib/ruby/gems/1.8/gems/mongrel-1.1.5/bin/../lib/mongrel/rails.rb:74:in `synchronize'
    /usr/lib/ruby/gems/1.8/gems/mongrel-1.1.5/bin/../lib/mongrel/rails.rb:74:in `process'
    /usr/lib/ruby/gems/1.8/gems/mongrel-1.1.5/lib/mongrel.rb:159:in `process_client'
    /usr/lib/ruby/gems/1.8/gems/mongrel-1.1.5/lib/mongrel.rb:158:in `each'
    /usr/lib/ruby/gems/1.8/gems/mongrel-1.1.5/lib/mongrel.rb:158:in `process_client'
    /usr/lib/ruby/gems/1.8/gems/mongrel-1.1.5/lib/mongrel.rb:285:in `run'
    /usr/lib/ruby/gems/1.8/gems/mongrel-1.1.5/lib/mongrel.rb:285:in `initialize'
    /usr/lib/ruby/gems/1.8/gems/mongrel-1.1.5/lib/mongrel.rb:285:in `new'
    /usr/lib/ruby/gems/1.8/gems/mongrel-1.1.5/lib/mongrel.rb:285:in `run'
    /usr/lib/ruby/gems/1.8/gems/mongrel-1.1.5/lib/mongrel.rb:268:in `initialize'
    /usr/lib/ruby/gems/1.8/gems/mongrel-1.1.5/lib/mongrel.rb:268:in `new'
    /usr/lib/ruby/gems/1.8/gems/mongrel-1.1.5/lib/mongrel.rb:268:in `run'
    /usr/lib/ruby/gems/1.8/gems/mongrel-1.1.5/lib/mongrel/configurator.rb:282:in `run'
    /usr/lib/ruby/gems/1.8/gems/mongrel-1.1.5/lib/mongrel/configurator.rb:281:in `each'
    /usr/lib/ruby/gems/1.8/gems/mongrel-1.1.5/lib/mongrel/configurator.rb:281:in `run'
    /usr/lib/ruby/gems/1.8/gems/mongrel-1.1.5/bin/mongrel_rails:128:in `run'
    /usr/lib/ruby/gems/1.8/gems/mongrel-1.1.5/lib/mongrel/command.rb:212:in `run'
    /usr/lib/ruby/gems/1.8/gems/mongrel-1.1.5/bin/mongrel_rails:281
    /usr/lib/ruby/gems/1.8/gems/activesupport-2.1.0/lib/active_support/dependencies.rb:502:in `load'
    /usr/lib/ruby/gems/1.8/gems/activesupport-2.1.0/lib/active_support/dependencies.rb:502:in `load'
    /usr/lib/ruby/gems/1.8/gems/activesupport-2.1.0/lib/active_support/dependencies.rb:354:in `new_constants_in'
    /usr/lib/ruby/gems/1.8/gems/activesupport-2.1.0/lib/active_support/dependencies.rb:502:in `load'
    /usr/lib/ruby/gems/1.8/gems/rails-2.1.0/lib/commands/servers/mongrel.rb:64
    /usr/lib/ruby/site_ruby/1.8/rubygems/custom_require.rb:27:in `gem_original_require'
    /usr/lib/ruby/site_ruby/1.8/rubygems/custom_require.rb:27:in `require'
    /usr/lib/ruby/gems/1.8/gems/activesupport-2.1.0/lib/active_support/dependencies.rb:509:in `require'
    /usr/lib/ruby/gems/1.8/gems/activesupport-2.1.0/lib/active_support/dependencies.rb:354:in `new_constants_in'
    /usr/lib/ruby/gems/1.8/gems/activesupport-2.1.0/lib/active_support/dependencies.rb:509:in `require'
    /usr/lib/ruby/gems/1.8/gems/rails-2.1.0/lib/commands/server.rb:39
    /usr/lib/ruby/site_ruby/1.8/rubygems/custom_require.rb:27:in `gem_original_require'
    /usr/lib/ruby/site_ruby/1.8/rubygems/custom_require.rb:27:in `require'
    script/server:3

Rendering /usr/lib/ruby/gems/1.8/gems/actionpack-2.1.0/lib/action_controller/templates/rescues/layout.erb (not_found)


Processing IngredientsController#show (for 127.0.0.1 at 2008-06-22 16:34:54) [GET]
  Session ID: BAh7BiIKZmxhc2hJQzonQWN0aW9uQ29udHJvbGxlcjo6Rmxhc2g6OkZsYXNo
SGFzaHsABjoKQHVzZWR7AA==--8ed97ae43627262ca420905a3eff1ad99c33b004
  Parameters: {"action"=>"show", "id"=>"list", "controller"=>"ingredients"}
  [4;36;1mIngredient Load (0.000104)[0m   [0;1mSELECT * FROM "ingredients" WHERE ("ingredients"."id" = 0) [0m


ActiveRecord::RecordNotFound (Couldn't find Ingredient with ID=list):
    /usr/lib/ruby/gems/1.8/gems/activerecord-2.1.0/lib/active_record/base.rb:1379:in `find_one'
    /usr/lib/ruby/gems/1.8/gems/activerecord-2.1.0/lib/active_record/base.rb:1362:in `find_from_ids'
    /usr/lib/ruby/gems/1.8/gems/activerecord-2.1.0/lib/active_record/base.rb:537:in `find'
    /app/controllers/ingredients_controller.rb:8:in `show'
    /usr/lib/ruby/gems/1.8/gems/actionpack-2.1.0/lib/action_controller/base.rb:1162:in `send'
    /usr/lib/ruby/gems/1.8/gems/actionpack-2.1.0/lib/action_controller/base.rb:1162:in `perform_action_without_filters'
    /usr/lib/ruby/gems/1.8/gems/actionpack-2.1.0/lib/action_controller/filters.rb:580:in `call_filters'
    /usr/lib/ruby/gems/1.8/gems/actionpack-2.1.0/lib/action_controller/filters.rb:573:in `perform_action_without_benchmark'
    /usr/lib/ruby/gems/1.8/gems/actionpack-2.1.0/lib/action_controller/benchmarking.rb:68:in `perform_action_without_rescue'
    /usr/lib/ruby/1.8/benchmark.rb:293:in `measure'
    /usr/lib/ruby/gems/1.8/gems/actionpack-2.1.0/lib/action_controller/benchmarking.rb:68:in `perform_action_without_rescue'
    /usr/lib/ruby/gems/1.8/gems/actionpack-2.1.0/lib/action_controller/rescue.rb:201:in `perform_action_without_caching'
    /usr/lib/ruby/gems/1.8/gems/actionpack-2.1.0/lib/action_controller/caching/sql_cache.rb:13:in `perform_action'
    /usr/lib/ruby/gems/1.8/gems/activerecord-2.1.0/lib/active_record/connection_adapters/abstract/query_cache.rb:33:in `cache'
    /usr/lib/ruby/gems/1.8/gems/activerecord-2.1.0/lib/active_record/query_cache.rb:8:in `cache'
    /usr/lib/ruby/gems/1.8/gems/actionpack-2.1.0/lib/action_controller/caching/sql_cache.rb:12:in `perform_action'
    /usr/lib/ruby/gems/1.8/gems/actionpack-2.1.0/lib/action_controller/base.rb:529:in `send'
    /usr/lib/ruby/gems/1.8/gems/actionpack-2.1.0/lib/action_controller/base.rb:529:in `process_without_filters'
    /usr/lib/ruby/gems/1.8/gems/actionpack-2.1.0/lib/action_controller/filters.rb:569:in `process_without_session_management_support'
    /usr/lib/ruby/gems/1.8/gems/actionpack-2.1.0/lib/action_controller/session_management.rb:130:in `process'
    /usr/lib/ruby/gems/1.8/gems/actionpack-2.1.0/lib/action_controller/base.rb:389:in `process'
    /usr/lib/ruby/gems/1.8/gems/actionpack-2.1.0/lib/action_controller/dispatcher.rb:149:in `handle_request'
    /usr/lib/ruby/gems/1.8/gems/actionpack-2.1.0/lib/action_controller/dispatcher.rb:107:in `dispatch'
    /usr/lib/ruby/gems/1.8/gems/actionpack-2.1.0/lib/action_controller/dispatcher.rb:104:in `synchronize'
    /usr/lib/ruby/gems/1.8/gems/actionpack-2.1.0/lib/action_controller/dispatcher.rb:104:in `dispatch'
    /usr/lib/ruby/gems/1.8/gems/actionpack-2.1.0/lib/action_controller/dispatcher.rb:120:in `dispatch_cgi'
    /usr/lib/ruby/gems/1.8/gems/actionpack-2.1.0/lib/action_controller/dispatcher.rb:35:in `dispatch'
    /usr/lib/ruby/gems/1.8/gems/mongrel-1.1.5/bin/../lib/mongrel/rails.rb:76:in `process'
    /usr/lib/ruby/gems/1.8/gems/mongrel-1.1.5/bin/../lib/mongrel/rails.rb:74:in `synchronize'
    /usr/lib/ruby/gems/1.8/gems/mongrel-1.1.5/bin/../lib/mongrel/rails.rb:74:in `process'
    /usr/lib/ruby/gems/1.8/gems/mongrel-1.1.5/lib/mongrel.rb:159:in `process_client'
    /usr/lib/ruby/gems/1.8/gems/mongrel-1.1.5/lib/mongrel.rb:158:in `each'
    /usr/lib/ruby/gems/1.8/gems/mongrel-1.1.5/lib/mongrel.rb:158:in `process_client'
    /usr/lib/ruby/gems/1.8/gems/mongrel-1.1.5/lib/mongrel.rb:285:in `run'
    /usr/lib/ruby/gems/1.8/gems/mongrel-1.1.5/lib/mongrel.rb:285:in `initialize'
    /usr/lib/ruby/gems/1.8/gems/mongrel-1.1.5/lib/mongrel.rb:285:in `new'
    /usr/lib/ruby/gems/1.8/gems/mongrel-1.1.5/lib/mongrel.rb:285:in `run'
    /usr/lib/ruby/gems/1.8/gems/mongrel-1.1.5/lib/mongrel.rb:268:in `initialize'
    /usr/lib/ruby/gems/1.8/gems/mongrel-1.1.5/lib/mongrel.rb:268:in `new'
    /usr/lib/ruby/gems/1.8/gems/mongrel-1.1.5/lib/mongrel.rb:268:in `run'
    /usr/lib/ruby/gems/1.8/gems/mongrel-1.1.5/lib/mongrel/configurator.rb:282:in `run'
    /usr/lib/ruby/gems/1.8/gems/mongrel-1.1.5/lib/mongrel/configurator.rb:281:in `each'
    /usr/lib/ruby/gems/1.8/gems/mongrel-1.1.5/lib/mongrel/configurator.rb:281:in `run'
    /usr/lib/ruby/gems/1.8/gems/mongrel-1.1.5/bin/mongrel_rails:128:in `run'
    /usr/lib/ruby/gems/1.8/gems/mongrel-1.1.5/lib/mongrel/command.rb:212:in `run'
    /usr/lib/ruby/gems/1.8/gems/mongrel-1.1.5/bin/mongrel_rails:281
    /usr/lib/ruby/gems/1.8/gems/activesupport-2.1.0/lib/active_support/dependencies.rb:502:in `load'
    /usr/lib/ruby/gems/1.8/gems/activesupport-2.1.0/lib/active_support/dependencies.rb:502:in `load'
    /usr/lib/ruby/gems/1.8/gems/activesupport-2.1.0/lib/active_support/dependencies.rb:354:in `new_constants_in'
    /usr/lib/ruby/gems/1.8/gems/activesupport-2.1.0/lib/active_support/dependencies.rb:502:in `load'
    /usr/lib/ruby/gems/1.8/gems/rails-2.1.0/lib/commands/servers/mongrel.rb:64
    /usr/lib/ruby/site_ruby/1.8/rubygems/custom_require.rb:27:in `gem_original_require'
    /usr/lib/ruby/site_ruby/1.8/rubygems/custom_require.rb:27:in `require'
    /usr/lib/ruby/gems/1.8/gems/activesupport-2.1.0/lib/active_support/dependencies.rb:509:in `require'
    /usr/lib/ruby/gems/1.8/gems/activesupport-2.1.0/lib/active_support/dependencies.rb:354:in `new_constants_in'
    /usr/lib/ruby/gems/1.8/gems/activesupport-2.1.0/lib/active_support/dependencies.rb:509:in `require'
    /usr/lib/ruby/gems/1.8/gems/rails-2.1.0/lib/commands/server.rb:39
    /usr/lib/ruby/site_ruby/1.8/rubygems/custom_require.rb:27:in `gem_original_require'
    /usr/lib/ruby/site_ruby/1.8/rubygems/custom_require.rb:27:in `require'
    script/server:3

Rendering /usr/lib/ruby/gems/1.8/gems/actionpack-2.1.0/lib/action_controller/templates/rescues/layout.erb (not_found)


Processing IngredientsController#show (for 127.0.0.1 at 2008-06-22 16:34:56) [GET]
  Session ID: BAh7BiIKZmxhc2hJQzonQWN0aW9uQ29udHJvbGxlcjo6Rmxhc2g6OkZsYXNo
SGFzaHsABjoKQHVzZWR7AA==--8ed97ae43627262ca420905a3eff1ad99c33b004
  Parameters: {"action"=>"show", "id"=>"1", "controller"=>"ingredients"}
  [4;35;1mIngredient Load (0.000172)[0m   [0mSELECT * FROM "ingredients" WHERE ("ingredients"."id" = 1) [0m
Rendering ingredients/show
Completed in 0.00628 (159 reqs/sec) | Rendering: 0.00151 (24%) | DB: 0.00017 (2%) | 200 OK [http://localhost/ingredients/1]


Processing IngredientsController#index (for 127.0.0.1 at 2008-06-22 16:34:57) [GET]
  Session ID: BAh7BiIKZmxhc2hJQzonQWN0aW9uQ29udHJvbGxlcjo6Rmxhc2g6OkZsYXNo
SGFzaHsABjoKQHVzZWR7AA==--8ed97ae43627262ca420905a3eff1ad99c33b004
  Parameters: {"action"=>"index", "controller"=>"ingredients"}
  [4;36;1mIngredient Load (0.022597)[0m   [0;1mSELECT * FROM "ingredients" [0m
Rendering ingredients/index
Completed in 0.03515 (28 reqs/sec) | Rendering: 0.00128 (3%) | DB: 0.02260 (64%) | 200 OK [http://localhost/ingredients]


Processing IngredientsController#index (for 127.0.0.1 at 2008-06-22 16:35:18) [GET]
  Session ID: BAh7BiIKZmxhc2hJQzonQWN0aW9uQ29udHJvbGxlcjo6Rmxhc2g6OkZsYXNo
SGFzaHsABjoKQHVzZWR7AA==--8ed97ae43627262ca420905a3eff1ad99c33b004
  Parameters: {"action"=>"index", "controller"=>"ingredients"}
  [4;35;1mIngredient Load (0.022585)[0m   [0mSELECT * FROM "ingredients" [0m
Rendering ingredients/index
Completed in 0.08751 (11 reqs/sec) | Rendering: 0.05372 (61%) | DB: 0.02258 (25%) | 200 OK [http://localhost/ingredients]


Processing IngredientsController#index (for 127.0.0.1 at 2008-06-22 16:35:39) [GET]
  Session ID: BAh7BiIKZmxhc2hJQzonQWN0aW9uQ29udHJvbGxlcjo6Rmxhc2g6OkZsYXNo
SGFzaHsABjoKQHVzZWR7AA==--8ed97ae43627262ca420905a3eff1ad99c33b004
  Parameters: {"action"=>"index", "controller"=>"ingredients"}
  [4;36;1mIngredient Load (0.022593)[0m   [0;1mSELECT * FROM "ingredients" [0m
Rendering ingredients/index
Completed in 0.03749 (26 reqs/sec) | Rendering: 0.00327 (8%) | DB: 0.02259 (60%) | 200 OK [http://localhost/ingredients]


Processing IngredientsController#index (for 127.0.0.1 at 2008-06-22 16:36:08) [GET]
  Session ID: BAh7BiIKZmxhc2hJQzonQWN0aW9uQ29udHJvbGxlcjo6Rmxhc2g6OkZsYXNo
SGFzaHsABjoKQHVzZWR7AA==--8ed97ae43627262ca420905a3eff1ad99c33b004
  Parameters: {"action"=>"index", "controller"=>"ingredients"}
  [4;35;1mIngredient Load (0.022873)[0m   [0mSELECT * FROM "ingredients" [0m
Rendering ingredients/index
Completed in 0.07456 (13 reqs/sec) | Rendering: 0.04036 (54%) | DB: 0.02287 (30%) | 200 OK [http://localhost/ingredients]


Processing IngredientsController#show (for 127.0.0.1 at 2008-06-22 16:36:10) [GET]
  Session ID: BAh7BiIKZmxhc2hJQzonQWN0aW9uQ29udHJvbGxlcjo6Rmxhc2g6OkZsYXNo
SGFzaHsABjoKQHVzZWR7AA==--8ed97ae43627262ca420905a3eff1ad99c33b004
  Parameters: {"action"=>"show", "id"=>"4", "controller"=>"ingredients"}
  [4;36;1mIngredient Load (0.000178)[0m   [0;1mSELECT * FROM "ingredients" WHERE ("ingredients"."id" = 4) [0m
Rendering ingredients/show
Completed in 0.00562 (177 reqs/sec) | Rendering: 0.00084 (14%) | DB: 0.00018 (3%) | 200 OK [http://localhost/ingredients/4]


Processing IngredientsController#show (for 127.0.0.1 at 2008-06-22 16:36:12) [GET]
  Session ID: BAh7BiIKZmxhc2hJQzonQWN0aW9uQ29udHJvbGxlcjo6Rmxhc2g6OkZsYXNo
SGFzaHsABjoKQHVzZWR7AA==--8ed97ae43627262ca420905a3eff1ad99c33b004
  Parameters: {"action"=>"show", "id"=>"16", "controller"=>"ingredients"}
  [4;35;1mIngredient Load (0.000170)[0m   [0mSELECT * FROM "ingredients" WHERE ("ingredients"."id" = 16) [0m
Rendering ingredients/show
Completed in 0.00543 (184 reqs/sec) | Rendering: 0.00081 (14%) | DB: 0.00017 (3%) | 200 OK [http://localhost/ingredients/16]


Processing IngredientsController#show (for 127.0.0.1 at 2008-06-22 16:36:14) [GET]
  Session ID: BAh7BiIKZmxhc2hJQzonQWN0aW9uQ29udHJvbGxlcjo6Rmxhc2g6OkZsYXNo
SGFzaHsABjoKQHVzZWR7AA==--8ed97ae43627262ca420905a3eff1ad99c33b004
  Parameters: {"action"=>"show", "id"=>"21", "controller"=>"ingredients"}
  [4;36;1mIngredient Load (0.000185)[0m   [0;1mSELECT * FROM "ingredients" WHERE ("ingredients"."id" = 21) [0m
Rendering ingredients/show
Completed in 0.00700 (142 reqs/sec) | Rendering: 0.00104 (14%) | DB: 0.00019 (2%) | 200 OK [http://localhost/ingredients/21]


Processing IngredientsController#show (for 127.0.0.1 at 2008-06-22 16:36:22) [GET]
  Session ID: BAh7BiIKZmxhc2hJQzonQWN0aW9uQ29udHJvbGxlcjo6Rmxhc2g6OkZsYXNo
SGFzaHsABjoKQHVzZWR7AA==--8ed97ae43627262ca420905a3eff1ad99c33b004
  Parameters: {"action"=>"show", "id"=>"349", "controller"=>"ingredients"}
  [4;35;1mIngredient Load (0.000179)[0m   [0mSELECT * FROM "ingredients" WHERE ("ingredients"."id" = 349) [0m
Rendering ingredients/show
Completed in 0.00585 (170 reqs/sec) | Rendering: 0.00089 (15%) | DB: 0.00018 (3%) | 200 OK [http://localhost/ingredients/349]


Processing ApplicationController#index (for 192.168.1.18 at 2008-08-13 05:06:20) [GET]
  Session ID: 86d7de1321c28ca9d947112e0c566bf2
  Parameters: {}


ActionController::RoutingError (No route matches "/" with {:method=>:get}):
    /usr/lib/ruby/gems/1.8/gems/actionpack-2.1.0/lib/action_controller/routing/recognition_optimisation.rb:67:in `recognize_path'
    /usr/lib/ruby/gems/1.8/gems/actionpack-2.1.0/lib/action_controller/routing/route_set.rb:384:in `recognize'
    /usr/lib/ruby/gems/1.8/gems/actionpack-2.1.0/lib/action_controller/dispatcher.rb:148:in `handle_request'
    /usr/lib/ruby/gems/1.8/gems/actionpack-2.1.0/lib/action_controller/dispatcher.rb:107:in `dispatch'
    /usr/lib/ruby/gems/1.8/gems/actionpack-2.1.0/lib/action_controller/dispatcher.rb:104:in `synchronize'
    /usr/lib/ruby/gems/1.8/gems/actionpack-2.1.0/lib/action_controller/dispatcher.rb:104:in `dispatch'
    /usr/lib/ruby/gems/1.8/gems/actionpack-2.1.0/lib/action_controller/dispatcher.rb:120:in `dispatch_cgi'
    /usr/lib/ruby/gems/1.8/gems/actionpack-2.1.0/lib/action_controller/dispatcher.rb:35:in `dispatch'
    /usr/lib/ruby/gems/1.8/gems/rails-2.1.0/lib/webrick_server.rb:112:in `handle_dispatch'
    /usr/lib/ruby/gems/1.8/gems/rails-2.1.0/lib/webrick_server.rb:78:in `service'
    /usr/lib/ruby/1.8/webrick/httpserver.rb:104:in `service'
    /usr/lib/ruby/1.8/webrick/httpserver.rb:65:in `run'
    /usr/lib/ruby/1.8/webrick/server.rb:173:in `start_thread'
    /usr/lib/ruby/1.8/webrick/server.rb:162:in `start'
    /usr/lib/ruby/1.8/webrick/server.rb:162:in `start_thread'
    /usr/lib/ruby/1.8/webrick/server.rb:95:in `start'
    /usr/lib/ruby/1.8/webrick/server.rb:92:in `each'
    /usr/lib/ruby/1.8/webrick/server.rb:92:in `start'
    /usr/lib/ruby/1.8/webrick/server.rb:23:in `start'
    /usr/lib/ruby/1.8/webrick/server.rb:82:in `start'
    /usr/lib/ruby/gems/1.8/gems/rails-2.1.0/lib/webrick_server.rb:62:in `dispatch'
    /usr/lib/ruby/gems/1.8/gems/rails-2.1.0/lib/commands/servers/webrick.rb:66
    /usr/lib/ruby/site_ruby/1.8/rubygems/custom_require.rb:27:in `gem_original_require'
    /usr/lib/ruby/site_ruby/1.8/rubygems/custom_require.rb:27:in `require'
    /usr/lib/ruby/gems/1.8/gems/activesupport-2.1.0/lib/active_support/dependencies.rb:509:in `require'
    /usr/lib/ruby/gems/1.8/gems/activesupport-2.1.0/lib/active_support/dependencies.rb:354:in `new_constants_in'
    /usr/lib/ruby/gems/1.8/gems/activesupport-2.1.0/lib/active_support/dependencies.rb:509:in `require'
    /usr/lib/ruby/gems/1.8/gems/rails-2.1.0/lib/commands/server.rb:39
    /usr/lib/ruby/site_ruby/1.8/rubygems/custom_require.rb:27:in `gem_original_require'
    /usr/lib/ruby/site_ruby/1.8/rubygems/custom_require.rb:27:in `require'
    ./script/server:3

Rendering /usr/lib/ruby/gems/1.8/gems/actionpack-2.1.0/lib/action_controller/templates/rescues/layout.erb (not_found)


Processing ApplicationController#index (for 192.168.1.18 at 2008-08-13 05:07:03) [GET]
  Session ID: BAh7BiIKZmxhc2hJQzonQWN0aW9uQ29udHJvbGxlcjo6Rmxhc2g6OkZsYXNo
SGFzaHsABjoKQHVzZWR7AA==--8ed97ae43627262ca420905a3eff1ad99c33b004
  Parameters: {"action"=>"index", "controller"=>:drinks}


NoMethodError (undefined method `camelize' for :drinks:Symbol):
    /usr/lib/ruby/gems/1.8/gems/actionpack-2.1.0/lib/action_controller/routing/route_set.rb:386:in `recognize'
    /usr/lib/ruby/gems/1.8/gems/actionpack-2.1.0/lib/action_controller/dispatcher.rb:148:in `handle_request'
    /usr/lib/ruby/gems/1.8/gems/actionpack-2.1.0/lib/action_controller/dispatcher.rb:107:in `dispatch'
    /usr/lib/ruby/gems/1.8/gems/actionpack-2.1.0/lib/action_controller/dispatcher.rb:104:in `synchronize'
    /usr/lib/ruby/gems/1.8/gems/actionpack-2.1.0/lib/action_controller/dispatcher.rb:104:in `dispatch'
    /usr/lib/ruby/gems/1.8/gems/actionpack-2.1.0/lib/action_controller/dispatcher.rb:120:in `dispatch_cgi'
    /usr/lib/ruby/gems/1.8/gems/actionpack-2.1.0/lib/action_controller/dispatcher.rb:35:in `dispatch'
    /usr/lib/ruby/gems/1.8/gems/rails-2.1.0/lib/webrick_server.rb:112:in `handle_dispatch'
    /usr/lib/ruby/gems/1.8/gems/rails-2.1.0/lib/webrick_server.rb:78:in `service'
    /usr/lib/ruby/1.8/webrick/httpserver.rb:104:in `service'
    /usr/lib/ruby/1.8/webrick/httpserver.rb:65:in `run'
    /usr/lib/ruby/1.8/webrick/server.rb:173:in `start_thread'
    /usr/lib/ruby/1.8/webrick/server.rb:162:in `start'
    /usr/lib/ruby/1.8/webrick/server.rb:162:in `start_thread'
    /usr/lib/ruby/1.8/webrick/server.rb:95:in `start'
    /usr/lib/ruby/1.8/webrick/server.rb:92:in `each'
    /usr/lib/ruby/1.8/webrick/server.rb:92:in `start'
    /usr/lib/ruby/1.8/webrick/server.rb:23:in `start'
    /usr/lib/ruby/1.8/webrick/server.rb:82:in `start'
    /usr/lib/ruby/gems/1.8/gems/rails-2.1.0/lib/webrick_server.rb:62:in `dispatch'
    /usr/lib/ruby/gems/1.8/gems/rails-2.1.0/lib/commands/servers/webrick.rb:66
    /usr/lib/ruby/site_ruby/1.8/rubygems/custom_require.rb:27:in `gem_original_require'
    /usr/lib/ruby/site_ruby/1.8/rubygems/custom_require.rb:27:in `require'
    /usr/lib/ruby/gems/1.8/gems/activesupport-2.1.0/lib/active_support/dependencies.rb:509:in `require'
    /usr/lib/ruby/gems/1.8/gems/activesupport-2.1.0/lib/active_support/dependencies.rb:354:in `new_constants_in'
    /usr/lib/ruby/gems/1.8/gems/activesupport-2.1.0/lib/active_support/dependencies.rb:509:in `require'
    /usr/lib/ruby/gems/1.8/gems/rails-2.1.0/lib/commands/server.rb:39
    /usr/lib/ruby/site_ruby/1.8/rubygems/custom_require.rb:27:in `gem_original_require'
    /usr/lib/ruby/site_ruby/1.8/rubygems/custom_require.rb:27:in `require'
    ./script/server:3

/!\ FAILSAFE /!\  Wed Aug 13 05:07:03 -0500 2008
  Status: 500 Internal Server Error
  undefined method `camelize' for :drinks:Symbol
    /usr/lib/ruby/gems/1.8/gems/actionpack-2.1.0/lib/action_controller/routing/route_set.rb:386:in `recognize'
    /usr/lib/ruby/gems/1.8/gems/actionpack-2.1.0/lib/action_controller/dispatcher.rb:148:in `handle_request'
    /usr/lib/ruby/gems/1.8/gems/actionpack-2.1.0/lib/action_controller/dispatcher.rb:107:in `dispatch'
    /usr/lib/ruby/gems/1.8/gems/actionpack-2.1.0/lib/action_controller/dispatcher.rb:104:in `synchronize'
    /usr/lib/ruby/gems/1.8/gems/actionpack-2.1.0/lib/action_controller/dispatcher.rb:104:in `dispatch'
    /usr/lib/ruby/gems/1.8/gems/actionpack-2.1.0/lib/action_controller/dispatcher.rb:120:in `dispatch_cgi'
    /usr/lib/ruby/gems/1.8/gems/actionpack-2.1.0/lib/action_controller/dispatcher.rb:35:in `dispatch'
    /usr/lib/ruby/gems/1.8/gems/rails-2.1.0/lib/webrick_server.rb:112:in `handle_dispatch'
    /usr/lib/ruby/gems/1.8/gems/rails-2.1.0/lib/webrick_server.rb:78:in `service'
    /usr/lib/ruby/1.8/webrick/httpserver.rb:104:in `service'
    /usr/lib/ruby/1.8/webrick/httpserver.rb:65:in `run'
    /usr/lib/ruby/1.8/webrick/server.rb:173:in `start_thread'
    /usr/lib/ruby/1.8/webrick/server.rb:162:in `start'
    /usr/lib/ruby/1.8/webrick/server.rb:162:in `start_thread'
    /usr/lib/ruby/1.8/webrick/server.rb:95:in `start'
    /usr/lib/ruby/1.8/webrick/server.rb:92:in `each'
    /usr/lib/ruby/1.8/webrick/server.rb:92:in `start'
    /usr/lib/ruby/1.8/webrick/server.rb:23:in `start'
    /usr/lib/ruby/1.8/webrick/server.rb:82:in `start'
    /usr/lib/ruby/gems/1.8/gems/rails-2.1.0/lib/webrick_server.rb:62:in `dispatch'
    /usr/lib/ruby/gems/1.8/gems/rails-2.1.0/lib/commands/servers/webrick.rb:66
    /usr/lib/ruby/site_ruby/1.8/rubygems/custom_require.rb:27:in `gem_original_require'
    /usr/lib/ruby/site_ruby/1.8/rubygems/custom_require.rb:27:in `require'
    /usr/lib/ruby/gems/1.8/gems/activesupport-2.1.0/lib/active_support/dependencies.rb:509:in `require'
    /usr/lib/ruby/gems/1.8/gems/activesupport-2.1.0/lib/active_support/dependencies.rb:354:in `new_constants_in'
    /usr/lib/ruby/gems/1.8/gems/activesupport-2.1.0/lib/active_support/dependencies.rb:509:in `require'
    /usr/lib/ruby/gems/1.8/gems/rails-2.1.0/lib/commands/server.rb:39
    /usr/lib/ruby/site_ruby/1.8/rubygems/custom_require.rb:27:in `gem_original_require'
    /usr/lib/ruby/site_ruby/1.8/rubygems/custom_require.rb:27:in `require'
    ./script/server:3


Processing DrinksController#index (for 192.168.1.18 at 2008-08-13 05:07:09) [GET]
  Session ID: BAh7BiIKZmxhc2hJQzonQWN0aW9uQ29udHJvbGxlcjo6Rmxhc2g6OkZsYXNo
SGFzaHsABjoKQHVzZWR7AA==--8ed97ae43627262ca420905a3eff1ad99c33b004
  Parameters: {"action"=>"index", "controller"=>"drinks"}


ActionController::UnknownAction (No action responded to index):
    /usr/lib/ruby/gems/1.8/gems/actionpack-2.1.0/lib/action_controller/filters.rb:580:in `call_filters'
    /usr/lib/ruby/gems/1.8/gems/actionpack-2.1.0/lib/action_controller/filters.rb:573:in `perform_action_without_benchmark'
    /usr/lib/ruby/gems/1.8/gems/actionpack-2.1.0/lib/action_controller/benchmarking.rb:68:in `perform_action_without_rescue'
    /usr/lib/ruby/1.8/benchmark.rb:293:in `measure'
    /usr/lib/ruby/gems/1.8/gems/actionpack-2.1.0/lib/action_controller/benchmarking.rb:68:in `perform_action_without_rescue'
    /usr/lib/ruby/gems/1.8/gems/actionpack-2.1.0/lib/action_controller/rescue.rb:201:in `perform_action_without_caching'
    /usr/lib/ruby/gems/1.8/gems/actionpack-2.1.0/lib/action_controller/caching/sql_cache.rb:13:in `perform_action'
    /usr/lib/ruby/gems/1.8/gems/activerecord-2.1.0/lib/active_record/connection_adapters/abstract/query_cache.rb:33:in `cache'
    /usr/lib/ruby/gems/1.8/gems/activerecord-2.1.0/lib/active_record/query_cache.rb:8:in `cache'
    /usr/lib/ruby/gems/1.8/gems/actionpack-2.1.0/lib/action_controller/caching/sql_cache.rb:12:in `perform_action'
    /usr/lib/ruby/gems/1.8/gems/actionpack-2.1.0/lib/action_controller/base.rb:529:in `send'
    /usr/lib/ruby/gems/1.8/gems/actionpack-2.1.0/lib/action_controller/base.rb:529:in `process_without_filters'
    /usr/lib/ruby/gems/1.8/gems/actionpack-2.1.0/lib/action_controller/filters.rb:569:in `process_without_session_management_support'
    /usr/lib/ruby/gems/1.8/gems/actionpack-2.1.0/lib/action_controller/session_management.rb:130:in `process'
    /usr/lib/ruby/gems/1.8/gems/actionpack-2.1.0/lib/action_controller/base.rb:389:in `process'
    /usr/lib/ruby/gems/1.8/gems/actionpack-2.1.0/lib/action_controller/dispatcher.rb:149:in `handle_request'
    /usr/lib/ruby/gems/1.8/gems/actionpack-2.1.0/lib/action_controller/dispatcher.rb:107:in `dispatch'
    /usr/lib/ruby/gems/1.8/gems/actionpack-2.1.0/lib/action_controller/dispatcher.rb:104:in `synchronize'
    /usr/lib/ruby/gems/1.8/gems/actionpack-2.1.0/lib/action_controller/dispatcher.rb:104:in `dispatch'
    /usr/lib/ruby/gems/1.8/gems/actionpack-2.1.0/lib/action_controller/dispatcher.rb:120:in `dispatch_cgi'
    /usr/lib/ruby/gems/1.8/gems/actionpack-2.1.0/lib/action_controller/dispatcher.rb:35:in `dispatch'
    /usr/lib/ruby/gems/1.8/gems/rails-2.1.0/lib/webrick_server.rb:112:in `handle_dispatch'
    /usr/lib/ruby/gems/1.8/gems/rails-2.1.0/lib/webrick_server.rb:78:in `service'
    /usr/lib/ruby/1.8/webrick/httpserver.rb:104:in `service'
    /usr/lib/ruby/1.8/webrick/httpserver.rb:65:in `run'
    /usr/lib/ruby/1.8/webrick/server.rb:173:in `start_thread'
    /usr/lib/ruby/1.8/webrick/server.rb:162:in `start'
    /usr/lib/ruby/1.8/webrick/server.rb:162:in `start_thread'
    /usr/lib/ruby/1.8/webrick/server.rb:95:in `start'
    /usr/lib/ruby/1.8/webrick/server.rb:92:in `each'
    /usr/lib/ruby/1.8/webrick/server.rb:92:in `start'
    /usr/lib/ruby/1.8/webrick/server.rb:23:in `start'
    /usr/lib/ruby/1.8/webrick/server.rb:82:in `start'
    /usr/lib/ruby/gems/1.8/gems/rails-2.1.0/lib/webrick_server.rb:62:in `dispatch'
    /usr/lib/ruby/gems/1.8/gems/rails-2.1.0/lib/commands/servers/webrick.rb:66
    /usr/lib/ruby/site_ruby/1.8/rubygems/custom_require.rb:27:in `gem_original_require'
    /usr/lib/ruby/site_ruby/1.8/rubygems/custom_require.rb:27:in `require'
    /usr/lib/ruby/gems/1.8/gems/activesupport-2.1.0/lib/active_support/dependencies.rb:509:in `require'
    /usr/lib/ruby/gems/1.8/gems/activesupport-2.1.0/lib/active_support/dependencies.rb:354:in `new_constants_in'
    /usr/lib/ruby/gems/1.8/gems/activesupport-2.1.0/lib/active_support/dependencies.rb:509:in `require'
    /usr/lib/ruby/gems/1.8/gems/rails-2.1.0/lib/commands/server.rb:39
    /usr/lib/ruby/site_ruby/1.8/rubygems/custom_require.rb:27:in `gem_original_require'
    /usr/lib/ruby/site_ruby/1.8/rubygems/custom_require.rb:27:in `require'
    ./script/server:3

Rendering /usr/lib/ruby/gems/1.8/gems/actionpack-2.1.0/lib/action_controller/templates/rescues/layout.erb (not_found)


Processing DrinksController#index (for 192.168.1.18 at 2008-08-13 05:07:18) [GET]
  Session ID: BAh7BiIKZmxhc2hJQzonQWN0aW9uQ29udHJvbGxlcjo6Rmxhc2g6OkZsYXNo
SGFzaHsABjoKQHVzZWR7AA==--8ed97ae43627262ca420905a3eff1ad99c33b004
  Parameters: {"action"=>"index", "controller"=>"drinks"}


ActionController::UnknownAction (No action responded to index):
    /usr/lib/ruby/gems/1.8/gems/actionpack-2.1.0/lib/action_controller/filters.rb:580:in `call_filters'
    /usr/lib/ruby/gems/1.8/gems/actionpack-2.1.0/lib/action_controller/filters.rb:573:in `perform_action_without_benchmark'
    /usr/lib/ruby/gems/1.8/gems/actionpack-2.1.0/lib/action_controller/benchmarking.rb:68:in `perform_action_without_rescue'
    /usr/lib/ruby/1.8/benchmark.rb:293:in `measure'
    /usr/lib/ruby/gems/1.8/gems/actionpack-2.1.0/lib/action_controller/benchmarking.rb:68:in `perform_action_without_rescue'
    /usr/lib/ruby/gems/1.8/gems/actionpack-2.1.0/lib/action_controller/rescue.rb:201:in `perform_action_without_caching'
    /usr/lib/ruby/gems/1.8/gems/actionpack-2.1.0/lib/action_controller/caching/sql_cache.rb:13:in `perform_action'
    /usr/lib/ruby/gems/1.8/gems/activerecord-2.1.0/lib/active_record/connection_adapters/abstract/query_cache.rb:33:in `cache'
    /usr/lib/ruby/gems/1.8/gems/activerecord-2.1.0/lib/active_record/query_cache.rb:8:in `cache'
    /usr/lib/ruby/gems/1.8/gems/actionpack-2.1.0/lib/action_controller/caching/sql_cache.rb:12:in `perform_action'
    /usr/lib/ruby/gems/1.8/gems/actionpack-2.1.0/lib/action_controller/base.rb:529:in `send'
    /usr/lib/ruby/gems/1.8/gems/actionpack-2.1.0/lib/action_controller/base.rb:529:in `process_without_filters'
    /usr/lib/ruby/gems/1.8/gems/actionpack-2.1.0/lib/action_controller/filters.rb:569:in `process_without_session_management_support'
    /usr/lib/ruby/gems/1.8/gems/actionpack-2.1.0/lib/action_controller/session_management.rb:130:in `process'
    /usr/lib/ruby/gems/1.8/gems/actionpack-2.1.0/lib/action_controller/base.rb:389:in `process'
    /usr/lib/ruby/gems/1.8/gems/actionpack-2.1.0/lib/action_controller/dispatcher.rb:149:in `handle_request'
    /usr/lib/ruby/gems/1.8/gems/actionpack-2.1.0/lib/action_controller/dispatcher.rb:107:in `dispatch'
    /usr/lib/ruby/gems/1.8/gems/actionpack-2.1.0/lib/action_controller/dispatcher.rb:104:in `synchronize'
    /usr/lib/ruby/gems/1.8/gems/actionpack-2.1.0/lib/action_controller/dispatcher.rb:104:in `dispatch'
    /usr/lib/ruby/gems/1.8/gems/actionpack-2.1.0/lib/action_controller/dispatcher.rb:120:in `dispatch_cgi'
    /usr/lib/ruby/gems/1.8/gems/actionpack-2.1.0/lib/action_controller/dispatcher.rb:35:in `dispatch'
    /usr/lib/ruby/gems/1.8/gems/rails-2.1.0/lib/webrick_server.rb:112:in `handle_dispatch'
    /usr/lib/ruby/gems/1.8/gems/rails-2.1.0/lib/webrick_server.rb:78:in `service'
    /usr/lib/ruby/1.8/webrick/httpserver.rb:104:in `service'
    /usr/lib/ruby/1.8/webrick/httpserver.rb:65:in `run'
    /usr/lib/ruby/1.8/webrick/server.rb:173:in `start_thread'
    /usr/lib/ruby/1.8/webrick/server.rb:162:in `start'
    /usr/lib/ruby/1.8/webrick/server.rb:162:in `start_thread'
    /usr/lib/ruby/1.8/webrick/server.rb:95:in `start'
    /usr/lib/ruby/1.8/webrick/server.rb:92:in `each'
    /usr/lib/ruby/1.8/webrick/server.rb:92:in `start'
    /usr/lib/ruby/1.8/webrick/server.rb:23:in `start'
    /usr/lib/ruby/1.8/webrick/server.rb:82:in `start'
    /usr/lib/ruby/gems/1.8/gems/rails-2.1.0/lib/webrick_server.rb:62:in `dispatch'
    /usr/lib/ruby/gems/1.8/gems/rails-2.1.0/lib/commands/servers/webrick.rb:66
    /usr/lib/ruby/site_ruby/1.8/rubygems/custom_require.rb:27:in `gem_original_require'
    /usr/lib/ruby/site_ruby/1.8/rubygems/custom_require.rb:27:in `require'
    /usr/lib/ruby/gems/1.8/gems/activesupport-2.1.0/lib/active_support/dependencies.rb:509:in `require'
    /usr/lib/ruby/gems/1.8/gems/activesupport-2.1.0/lib/active_support/dependencies.rb:354:in `new_constants_in'
    /usr/lib/ruby/gems/1.8/gems/activesupport-2.1.0/lib/active_support/dependencies.rb:509:in `require'
    /usr/lib/ruby/gems/1.8/gems/rails-2.1.0/lib/commands/server.rb:39
    /usr/lib/ruby/site_ruby/1.8/rubygems/custom_require.rb:27:in `gem_original_require'
    /usr/lib/ruby/site_ruby/1.8/rubygems/custom_require.rb:27:in `require'
    ./script/server:3

Rendering /usr/lib/ruby/gems/1.8/gems/actionpack-2.1.0/lib/action_controller/templates/rescues/layout.erb (not_found)


Processing DrinksController#index (for 192.168.1.18 at 2008-08-13 05:17:06) [GET]
  Session ID: BAh7BiIKZmxhc2hJQzonQWN0aW9uQ29udHJvbGxlcjo6Rmxhc2g6OkZsYXNo
SGFzaHsABjoKQHVzZWR7AA==--8ed97ae43627262ca420905a3eff1ad99c33b004
  Parameters: {"action"=>"index", "controller"=>"drinks"}
  [4;36;1mDrink Load (0.000391)[0m   [0;1mSELECT * FROM "drinks" [0m
Rendering drinks/index
Completed in 0.00559 (178 reqs/sec) | Rendering: 0.00089 (15%) | DB: 0.00039 (6%) | 200 OK [http://192.168.1.9/]


Processing DrinksController#new (for 192.168.1.18 at 2008-08-13 05:17:08) [GET]
  Session ID: BAh7BiIKZmxhc2hJQzonQWN0aW9uQ29udHJvbGxlcjo6Rmxhc2g6OkZsYXNo
SGFzaHsABjoKQHVzZWR7AA==--8ed97ae43627262ca420905a3eff1ad99c33b004
  Parameters: {"action"=>"new", "controller"=>"drinks"}
Rendering drinks/new
Completed in 0.00775 (129 reqs/sec) | Rendering: 0.00282 (36%) | DB: 0.00000 (0%) | 200 OK [http://192.168.1.9/drinks/new]


Processing DrinksController#index (for 192.168.1.18 at 2008-08-13 05:42:20) [GET]
  Session ID: BAh7BzoMY3NyZl9pZCIlOGIxNjg5OGQ0MzJkODY0MWM0M2M0YjVjMjk1NGQw
YWUiCmZsYXNoSUM6J0FjdGlvbkNvbnRyb2xsZXI6OkZsYXNoOjpGbGFzaEhh
c2h7AAY6CkB1c2VkewA=--b3dd882f035bcb9f214ef8058b58263b352ebd5a
  Parameters: {"action"=>"index", "controller"=>"drinks"}
  [4;35;1mDrink Load (0.000297)[0m   [0mSELECT * FROM "drinks" [0m
Rendering drinks/index
Completed in 0.00464 (215 reqs/sec) | Rendering: 0.00028 (5%) | DB: 0.00030 (6%) | 200 OK [http://192.168.1.9/]
  [4;36;1mSQL (0.000532)[0m   [0;1m SELECT name
 FROM sqlite_master
 WHERE type = 'table' AND NOT name = 'sqlite_sequence'
[0m
  [4;35;1mSQL (0.000202)[0m   [0mSELECT version FROM schema_migrations[0m
  [4;36;1mSQL (0.000237)[0m   [0;1mSELECT version FROM schema_migrations[0m
  [4;35;1mSQL (0.000191)[0m   [0mSELECT version FROM schema_migrations[0m
Migrating to CreateDrinks (20080813101454)
  [4;36;1mSQL (0.000190)[0m   [0;1mSELECT version FROM schema_migrations[0m
  [4;35;1mSQL (0.000116)[0m   [0mselect sqlite_version(*)[0m
  [4;36;1mSQL (0.000000)[0m   [0;1mSQLite3::SQLException: table "drinks" already exists: CREATE TABLE "drinks" ("id" INTEGER PRIMARY KEY AUTOINCREMENT NOT NULL, "name" varchar(255) DEFAULT NULL NULL, "created_at" datetime DEFAULT NULL NULL, "updated_at" datetime DEFAULT NULL NULL) [0m
  [4;36;1mSQL (0.000210)[0m   [0;1m SELECT name
 FROM sqlite_master
 WHERE type = 'table' AND NOT name = 'sqlite_sequence'
[0m
  [4;35;1mSQL (0.000117)[0m   [0mselect sqlite_version(*)[0m
  [4;36;1mSQL (0.008101)[0m   [0;1mCREATE TABLE "schema_migrations" ("version" varchar(255) NOT NULL) [0m
  [4;35;1mSQL (0.003871)[0m   [0mCREATE UNIQUE INDEX "unique_schema_migrations" ON "schema_migrations" ("version")[0m
  [4;36;1mSQL (0.000139)[0m   [0;1m SELECT name
 FROM sqlite_master
 WHERE type = 'table' AND NOT name = 'sqlite_sequence'
[0m
  [4;35;1mSQL (0.000075)[0m   [0mSELECT version FROM schema_migrations[0m
  [4;36;1mSQL (0.000078)[0m   [0;1mSELECT version FROM schema_migrations[0m
  [4;35;1mSQL (0.000071)[0m   [0mSELECT version FROM schema_migrations[0m
Migrating to CreateDrinks (20080813101454)
  [4;36;1mSQL (0.000067)[0m   [0;1mSELECT version FROM schema_migrations[0m
  [4;35;1mSQL (0.003704)[0m   [0mCREATE TABLE "drinks" ("id" INTEGER PRIMARY KEY AUTOINCREMENT NOT NULL, "name" varchar(255) DEFAULT NULL NULL, "created_at" datetime DEFAULT NULL NULL, "updated_at" datetime DEFAULT NULL NULL) [0m
  [4;36;1mSQL (0.002948)[0m   [0;1mINSERT INTO schema_migrations (version) VALUES ('20080813101454')[0m
Migrating to CreateIngredients (20080813101532)
  [4;35;1mSQL (0.000124)[0m   [0mSELECT version FROM schema_migrations[0m
  [4;36;1mSQL (0.003580)[0m   [0;1mCREATE TABLE "ingredients" ("id" INTEGER PRIMARY KEY AUTOINCREMENT NOT NULL, "name" varchar(255) DEFAULT NULL NULL, "percentage" integer DEFAULT NULL NULL, "created_at" datetime DEFAULT NULL NULL, "updated_at" datetime DEFAULT NULL NULL) [0m
  [4;35;1mSQL (0.003525)[0m   [0mINSERT INTO schema_migrations (version) VALUES ('20080813101532')[0m
Migrating to CreateReservoirs (20080813101626)
  [4;36;1mSQL (0.000156)[0m   [0;1mSELECT version FROM schema_migrations[0m
  [4;35;1mSQL (0.004602)[0m   [0mCREATE TABLE "reservoirs" ("id" INTEGER PRIMARY KEY AUTOINCREMENT NOT NULL, "ingredient_id" integer DEFAULT NULL NULL, "bay" integer DEFAULT NULL NULL, "created_at" datetime DEFAULT NULL NULL, "updated_at" datetime DEFAULT NULL NULL) [0m
  [4;36;1mSQL (0.002979)[0m   [0;1mINSERT INTO schema_migrations (version) VALUES ('20080813101626')[0m
  [4;35;1mSQL (0.000195)[0m   [0mSELECT version FROM schema_migrations[0m
  [4;36;1mSQL (0.000239)[0m   [0;1m SELECT name
 FROM sqlite_master
 WHERE type = 'table' AND NOT name = 'sqlite_sequence'
[0m
  [4;35;1mSQL (0.000051)[0m   [0mPRAGMA index_list("drinks")[0m
  [4;36;1mSQL (0.000049)[0m   [0;1mPRAGMA index_list("ingredients")[0m
  [4;35;1mSQL (0.000053)[0m   [0mPRAGMA index_list("reservoirs")[0m


Processing IngredientsController#index (for 192.168.1.18 at 2008-08-13 05:45:59) [GET]
  Session ID: BAh7BzoMY3NyZl9pZCIlOGIxNjg5OGQ0MzJkODY0MWM0M2M0YjVjMjk1NGQw
YWUiCmZsYXNoSUM6J0FjdGlvbkNvbnRyb2xsZXI6OkZsYXNoOjpGbGFzaEhh
c2h7AAY6CkB1c2VkewA=--b3dd882f035bcb9f214ef8058b58263b352ebd5a
  Parameters: {"action"=>"index", "controller"=>"ingredients"}
  [4;36;1mIngredient Load (0.033041)[0m   [0;1mSELECT * FROM "ingredients" [0m
Rendering ingredients/index
Completed in 0.20982 (4 reqs/sec) | Rendering: 0.15879 (75%) | DB: 0.03304 (15%) | 200 OK [http://192.168.1.9/ingredients]
  [4;36;1mSQL (0.000519)[0m   [0;1mSELECT version FROM schema_migrations[0m
  [4;35;1mSQL (0.000241)[0m   [0m SELECT name
 FROM sqlite_master
 WHERE type = 'table' AND NOT name = 'sqlite_sequence'
[0m
  [4;36;1mSQL (0.000236)[0m   [0;1mSELECT version FROM schema_migrations[0m
Migrating to CreateReservoirs (20080813101626)
  [4;35;1mSQL (0.000206)[0m   [0mSELECT version FROM schema_migrations[0m
  [4;36;1mSQL (0.003850)[0m   [0;1mDROP TABLE "reservoirs"[0m
  [4;35;1mSQL (0.002220)[0m   [0mDELETE FROM schema_migrations WHERE version = '20080813101626'[0m
Migrating to CreateIngredients (20080813101532)
  [4;36;1mSQL (0.000162)[0m   [0;1mSELECT version FROM schema_migrations[0m
  [4;35;1mSQL (0.002733)[0m   [0mDROP TABLE "ingredients"[0m
  [4;36;1mSQL (0.002337)[0m   [0;1mDELETE FROM schema_migrations WHERE version = '20080813101532'[0m
Migrating to CreateDrinks (20080813101454)
  [4;35;1mSQL (0.000126)[0m   [0mSELECT version FROM schema_migrations[0m
  [4;36;1mSQL (0.002508)[0m   [0;1mDROP TABLE "drinks"[0m
  [4;35;1mSQL (0.002406)[0m   [0mDELETE FROM schema_migrations WHERE version = '20080813101454'[0m
  [4;36;1mSQL (0.000108)[0m   [0;1mselect sqlite_version(*)[0m
  [4;35;1mSQL (0.000072)[0m   [0mSELECT version FROM schema_migrations[0m
  [4;36;1mSQL (0.000128)[0m   [0;1m SELECT name
 FROM sqlite_master
 WHERE type = 'table' AND NOT name = 'sqlite_sequence'
[0m
  [4;36;1mSQL (0.000351)[0m   [0;1m SELECT name
 FROM sqlite_master
 WHERE type = 'table' AND NOT name = 'sqlite_sequence'
[0m
  [4;35;1mSQL (0.000079)[0m   [0mSELECT version FROM schema_migrations[0m
  [4;36;1mSQL (0.000066)[0m   [0;1mSELECT version FROM schema_migrations[0m
  [4;35;1mSQL (0.000064)[0m   [0mSELECT version FROM schema_migrations[0m
Migrating to CreateDrinks (20080813101454)
  [4;36;1mSQL (0.000065)[0m   [0;1mSELECT version FROM schema_migrations[0m
  [4;35;1mSQL (0.000144)[0m   [0mselect sqlite_version(*)[0m
  [4;36;1mSQL (0.007363)[0m   [0;1mCREATE TABLE "drinks" ("id" INTEGER PRIMARY KEY AUTOINCREMENT NOT NULL, "name" varchar(255) DEFAULT NULL NULL, "created_at" datetime DEFAULT NULL NULL, "updated_at" datetime DEFAULT NULL NULL) [0m
  [4;35;1mSQL (0.002832)[0m   [0mINSERT INTO schema_migrations (version) VALUES ('20080813101454')[0m
Migrating to CreateIngredients (20080813101532)
  [4;36;1mSQL (0.000121)[0m   [0;1mSELECT version FROM schema_migrations[0m
  [4;35;1mSQL (0.003694)[0m   [0mCREATE TABLE "ingredients" ("id" INTEGER PRIMARY KEY AUTOINCREMENT NOT NULL, "name" varchar(255) DEFAULT NULL NULL, "percentage" integer DEFAULT NULL NULL, "created_at" datetime DEFAULT NULL NULL, "updated_at" datetime DEFAULT NULL NULL) [0m
  [4;36;1mSQL (0.002860)[0m   [0;1mINSERT INTO schema_migrations (version) VALUES ('20080813101532')[0m
Migrating to CreateReservoirs (20080813101626)
  [4;35;1mSQL (0.000155)[0m   [0mSELECT version FROM schema_migrations[0m
  [4;36;1mSQL (0.003886)[0m   [0;1mCREATE TABLE "reservoirs" ("id" INTEGER PRIMARY KEY AUTOINCREMENT NOT NULL, "ingredient_id" integer DEFAULT NULL NULL, "bay" integer DEFAULT NULL NULL, "created_at" datetime DEFAULT NULL NULL, "updated_at" datetime DEFAULT NULL NULL) [0m
  [4;35;1mSQL (0.002889)[0m   [0mINSERT INTO schema_migrations (version) VALUES ('20080813101626')[0m
  [4;36;1mSQL (0.000193)[0m   [0;1mSELECT version FROM schema_migrations[0m
  [4;35;1mSQL (0.000239)[0m   [0m SELECT name
 FROM sqlite_master
 WHERE type = 'table' AND NOT name = 'sqlite_sequence'
[0m
  [4;36;1mSQL (0.000064)[0m   [0;1mPRAGMA index_list("drinks")[0m
  [4;35;1mSQL (0.000049)[0m   [0mPRAGMA index_list("ingredients")[0m
  [4;36;1mSQL (0.000047)[0m   [0;1mPRAGMA index_list("reservoirs")[0m


Processing DrinksController#index (for 192.168.1.18 at 2008-08-13 05:49:25) [GET]
  Session ID: BAh7BzoMY3NyZl9pZCIlOGIxNjg5OGQ0MzJkODY0MWM0M2M0YjVjMjk1NGQw
YWUiCmZsYXNoSUM6J0FjdGlvbkNvbnRyb2xsZXI6OkZsYXNoOjpGbGFzaEhh
c2h7AAY6CkB1c2VkewA=--b3dd882f035bcb9f214ef8058b58263b352ebd5a
  Parameters: {"action"=>"index", "controller"=>"drinks"}
  [4;35;1mDrink Load (0.400533)[0m   [0mSELECT * FROM "drinks" [0m
Rendering drinks/index
Completed in 2.30123 (0 reqs/sec) | Rendering: 1.75139 (76%) | DB: 0.40053 (17%) | 200 OK [http://192.168.1.9/drinks]
  [4;36;1mSQL (0.000561)[0m   [0;1m SELECT name
 FROM sqlite_master
 WHERE type = 'table' AND NOT name = 'sqlite_sequence'
[0m
  [4;35;1mSQL (0.000209)[0m   [0mSELECT version FROM schema_migrations[0m
  [4;36;1mSQL (0.000192)[0m   [0;1mSELECT version FROM schema_migrations[0m
  [4;35;1mSQL (0.000190)[0m   [0mSELECT version FROM schema_migrations[0m
Migrating to CreateDrinks (20080813101454)
  [4;36;1mSQL (0.000191)[0m   [0;1mSELECT version FROM schema_migrations[0m
Migrating to CreateIngredients (20080813101532)
  [4;35;1mSQL (0.000191)[0m   [0mSELECT version FROM schema_migrations[0m
Migrating to CreateReservoirs (20080813101626)
  [4;36;1mSQL (0.000191)[0m   [0;1mSELECT version FROM schema_migrations[0m
Migrating to CreateRecipeItems (20080813105252)
  [4;35;1mSQL (0.000190)[0m   [0mSELECT version FROM schema_migrations[0m
  [4;36;1mSQL (0.000118)[0m   [0;1mselect sqlite_version(*)[0m
  [4;36;1mSQL (0.000545)[0m   [0;1m SELECT name
 FROM sqlite_master
 WHERE type = 'table' AND NOT name = 'sqlite_sequence'
[0m
  [4;35;1mSQL (0.000201)[0m   [0mSELECT version FROM schema_migrations[0m
  [4;36;1mSQL (0.000191)[0m   [0;1mSELECT version FROM schema_migrations[0m
  [4;35;1mSQL (0.000190)[0m   [0mSELECT version FROM schema_migrations[0m
Migrating to CreateDrinks (20080813101454)
  [4;36;1mSQL (0.000191)[0m   [0;1mSELECT version FROM schema_migrations[0m
Migrating to CreateIngredients (20080813101532)
  [4;35;1mSQL (0.000191)[0m   [0mSELECT version FROM schema_migrations[0m
Migrating to CreateReservoirs (20080813101626)
  [4;36;1mSQL (0.000189)[0m   [0;1mSELECT version FROM schema_migrations[0m
Migrating to CreateRecipeItems (20080813105252)
  [4;35;1mSQL (0.000190)[0m   [0mSELECT version FROM schema_migrations[0m
  [4;36;1mSQL (0.000123)[0m   [0;1mselect sqlite_version(*)[0m
  [4;35;1mSQL (0.010631)[0m   [0mCREATE TABLE "recipe_items" ("id" INTEGER PRIMARY KEY AUTOINCREMENT NOT NULL, "drink_id" integer DEFAULT NULL NULL, "ingredient_id" integer DEFAULT NULL NULL, "quantity" integer DEFAULT NULL NULL, "created_at" datetime DEFAULT NULL NULL, "updated_at" datetime DEFAULT NULL NULL) [0m
  [4;36;1mSQL (0.003011)[0m   [0;1mINSERT INTO schema_migrations (version) VALUES ('20080813105252')[0m
  [4;35;1mSQL (0.000230)[0m   [0mSELECT version FROM schema_migrations[0m
  [4;36;1mSQL (0.000338)[0m   [0;1m SELECT name
 FROM sqlite_master
 WHERE type = 'table' AND NOT name = 'sqlite_sequence'
[0m
  [4;35;1mSQL (0.000050)[0m   [0mPRAGMA index_list("drinks")[0m
  [4;36;1mSQL (0.000049)[0m   [0;1mPRAGMA index_list("ingredients")[0m
  [4;35;1mSQL (0.000048)[0m   [0mPRAGMA index_list("recipe_items")[0m
  [4;36;1mSQL (0.000049)[0m   [0;1mPRAGMA index_list("reservoirs")[0m


Processing DrinksController#index (for 192.168.1.18 at 2008-08-13 05:57:50) [GET]
  Session ID: BAh7BzoMY3NyZl9pZCIlOGIxNjg5OGQ0MzJkODY0MWM0M2M0YjVjMjk1NGQw
YWUiCmZsYXNoSUM6J0FjdGlvbkNvbnRyb2xsZXI6OkZsYXNoOjpGbGFzaEhh
c2h7AAY6CkB1c2VkewA=--b3dd882f035bcb9f214ef8058b58263b352ebd5a
  Parameters: {"action"=>"index", "controller"=>"drinks"}
  [4;36;1mDrink Load (0.353372)[0m   [0;1mSELECT * FROM "drinks" [0m
Rendering drinks/index
Completed in 2.20916 (0 reqs/sec) | Rendering: 1.70724 (77%) | DB: 0.35337 (15%) | 200 OK [http://192.168.1.9/drinks]


Processing IngredientsController#index (for 192.168.1.18 at 2008-08-13 05:58:06) [GET]
  Session ID: BAh7BzoMY3NyZl9pZCIlOGIxNjg5OGQ0MzJkODY0MWM0M2M0YjVjMjk1NGQw
YWUiCmZsYXNoSUM6J0FjdGlvbkNvbnRyb2xsZXI6OkZsYXNoOjpGbGFzaEhh
c2h7AAY6CkB1c2VkewA=--b3dd882f035bcb9f214ef8058b58263b352ebd5a
  Parameters: {"action"=>"index", "controller"=>"ingredients"}
  [4;35;1mIngredient Load (0.034310)[0m   [0mSELECT * FROM "ingredients" [0m
Rendering ingredients/index
Completed in 0.16808 (5 reqs/sec) | Rendering: 0.11509 (68%) | DB: 0.03431 (20%) | 200 OK [http://192.168.1.9/ingredients]
  [4;36;1mIngredient Load (0.034331)[0m   [0;1mSELECT * FROM "ingredients" [0m
  [4;35;1mIngredient Load (0.032989)[0m   [0mSELECT * FROM "ingredients" [0m
  [4;36;1mIngredient Load (0.033997)[0m   [0;1mSELECT * FROM "ingredients" [0m
  [4;35;1mIngredient Load (0.032790)[0m   [0mSELECT * FROM "ingredients" [0m
  [4;36;1mDrink Load (0.000131)[0m   [0;1mSELECT "drinks".* FROM "drinks" INNER JOIN recipe_items ON drinks.id = recipe_items.drink_id WHERE (("recipe_items".ingredient_id = 1)) [0m
  [4;36;1mSQL (0.000548)[0m   [0;1mSELECT version FROM schema_migrations[0m
  [4;35;1mSQL (0.000282)[0m   [0m SELECT name
 FROM sqlite_master
 WHERE type = 'table' AND NOT name = 'sqlite_sequence'
[0m
  [4;36;1mSQL (0.000234)[0m   [0;1mSELECT version FROM schema_migrations[0m
Migrating to CreateRecipeItems (20080813105252)
  [4;35;1mSQL (0.000227)[0m   [0mSELECT version FROM schema_migrations[0m
  [4;36;1mSQL (0.007478)[0m   [0;1mDROP TABLE "recipe_items"[0m
  [4;35;1mSQL (0.002963)[0m   [0mDELETE FROM schema_migrations WHERE version = '20080813105252'[0m
Migrating to CreateReservoirs (20080813101626)
  [4;36;1mSQL (0.000193)[0m   [0;1mSELECT version FROM schema_migrations[0m
  [4;35;1mSQL (0.003390)[0m   [0mDROP TABLE "reservoirs"[0m
  [4;36;1mSQL (0.002996)[0m   [0;1mDELETE FROM schema_migrations WHERE version = '20080813101626'[0m
Migrating to CreateIngredients (20080813101532)
  [4;35;1mSQL (0.000163)[0m   [0mSELECT version FROM schema_migrations[0m
  [4;36;1mSQL (0.003409)[0m   [0;1mDROP TABLE "ingredients"[0m
  [4;35;1mSQL (0.002896)[0m   [0mDELETE FROM schema_migrations WHERE version = '20080813101532'[0m
Migrating to CreateDrinks (20080813101454)
  [4;36;1mSQL (0.000126)[0m   [0;1mSELECT version FROM schema_migrations[0m
  [4;35;1mSQL (0.004040)[0m   [0mDROP TABLE "drinks"[0m
  [4;36;1mSQL (0.002875)[0m   [0;1mDELETE FROM schema_migrations WHERE version = '20080813101454'[0m
  [4;35;1mSQL (0.000111)[0m   [0mselect sqlite_version(*)[0m
  [4;36;1mSQL (0.000072)[0m   [0;1mSELECT version FROM schema_migrations[0m
  [4;35;1mSQL (0.000128)[0m   [0m SELECT name
 FROM sqlite_master
 WHERE type = 'table' AND NOT name = 'sqlite_sequence'
[0m
  [4;36;1mSQL (0.000351)[0m   [0;1m SELECT name
 FROM sqlite_master
 WHERE type = 'table' AND NOT name = 'sqlite_sequence'
[0m
  [4;35;1mSQL (0.000078)[0m   [0mSELECT version FROM schema_migrations[0m
  [4;36;1mSQL (0.000068)[0m   [0;1mSELECT version FROM schema_migrations[0m
  [4;35;1mSQL (0.000065)[0m   [0mSELECT version FROM schema_migrations[0m
  [4;36;1mSQL (0.000077)[0m   [0;1mSELECT version FROM schema_migrations[0m
Migrating to CreateDrinks (20080813101454)
  [4;35;1mSQL (0.000072)[0m   [0mSELECT version FROM schema_migrations[0m
  [4;36;1mSQL (0.000123)[0m   [0;1mselect sqlite_version(*)[0m
  [4;35;1mSQL (0.008728)[0m   [0mCREATE TABLE "drinks" ("id" INTEGER PRIMARY KEY AUTOINCREMENT NOT NULL, "name" varchar(255) DEFAULT NULL NULL, "created_at" datetime DEFAULT NULL NULL, "updated_at" datetime DEFAULT NULL NULL) [0m
  [4;36;1mSQL (0.003098)[0m   [0;1mINSERT INTO schema_migrations (version) VALUES ('20080813101454')[0m
Migrating to CreateIngredients (20080813101532)
  [4;35;1mSQL (0.000120)[0m   [0mSELECT version FROM schema_migrations[0m
  [4;36;1mSQL (0.003227)[0m   [0;1mCREATE TABLE "ingredients" ("id" INTEGER PRIMARY KEY AUTOINCREMENT NOT NULL, "name" varchar(255) DEFAULT NULL NULL, "percentage" integer DEFAULT NULL NULL, "created_at" datetime DEFAULT NULL NULL, "updated_at" datetime DEFAULT NULL NULL) [0m
  [4;35;1mSQL (0.003165)[0m   [0mINSERT INTO schema_migrations (version) VALUES ('20080813101532')[0m
Migrating to CreateReservoirs (20080813101626)
  [4;36;1mSQL (0.000156)[0m   [0;1mSELECT version FROM schema_migrations[0m
  [4;35;1mSQL (0.003578)[0m   [0mCREATE TABLE "reservoirs" ("id" INTEGER PRIMARY KEY AUTOINCREMENT NOT NULL, "ingredient_id" integer DEFAULT NULL NULL, "bay" integer DEFAULT NULL NULL, "created_at" datetime DEFAULT NULL NULL, "updated_at" datetime DEFAULT NULL NULL) [0m
  [4;36;1mSQL (0.002662)[0m   [0;1mINSERT INTO schema_migrations (version) VALUES ('20080813101626')[0m
Migrating to CreateRecipeItems (20080813105252)
  [4;35;1mSQL (0.000190)[0m   [0mSELECT version FROM schema_migrations[0m
  [4;36;1mSQL (0.003797)[0m   [0;1mCREATE TABLE "recipe_items" ("id" INTEGER PRIMARY KEY AUTOINCREMENT NOT NULL, "drink_id" integer DEFAULT NULL NULL, "ingredient_id" integer DEFAULT NULL NULL, "quantity" varchar(255) DEFAULT NULL NULL, "created_at" datetime DEFAULT NULL NULL, "updated_at" datetime DEFAULT NULL NULL) [0m
  [4;35;1mSQL (0.003045)[0m   [0mINSERT INTO schema_migrations (version) VALUES ('20080813105252')[0m
  [4;36;1mSQL (0.000295)[0m   [0;1mSELECT version FROM schema_migrations[0m
  [4;35;1mSQL (0.000318)[0m   [0m SELECT name
 FROM sqlite_master
 WHERE type = 'table' AND NOT name = 'sqlite_sequence'
[0m
  [4;36;1mSQL (0.000050)[0m   [0;1mPRAGMA index_list("drinks")[0m
  [4;35;1mSQL (0.000048)[0m   [0mPRAGMA index_list("ingredients")[0m
  [4;36;1mSQL (0.000050)[0m   [0;1mPRAGMA index_list("recipe_items")[0m
  [4;35;1mSQL (0.000049)[0m   [0mPRAGMA index_list("reservoirs")[0m
  [4;36;1mSQL (0.000212)[0m   [0;1m SELECT name
 FROM sqlite_master
 WHERE type = 'table' AND NOT name = 'sqlite_sequence'
[0m
  [4;35;1mSQL (0.000136)[0m   [0mselect sqlite_version(*)[0m
  [4;36;1mSQL (0.007317)[0m   [0;1mCREATE TABLE "schema_migrations" ("version" varchar(255) NOT NULL) [0m
  [4;35;1mSQL (0.003892)[0m   [0mCREATE UNIQUE INDEX "unique_schema_migrations" ON "schema_migrations" ("version")[0m
  [4;36;1mSQL (0.000138)[0m   [0;1m SELECT name
 FROM sqlite_master
 WHERE type = 'table' AND NOT name = 'sqlite_sequence'
[0m
  [4;35;1mSQL (0.000075)[0m   [0mSELECT version FROM schema_migrations[0m
  [4;36;1mSQL (0.000067)[0m   [0;1mSELECT version FROM schema_migrations[0m
  [4;35;1mSQL (0.000065)[0m   [0mSELECT version FROM schema_migrations[0m
  [4;36;1mSQL (0.000064)[0m   [0;1mSELECT version FROM schema_migrations[0m
Migrating to CreateDrinks (20080813101454)
  [4;35;1mSQL (0.000064)[0m   [0mSELECT version FROM schema_migrations[0m
  [4;36;1mSQL (0.003675)[0m   [0;1mCREATE TABLE "drinks" ("id" INTEGER PRIMARY KEY AUTOINCREMENT NOT NULL, "name" varchar(255) DEFAULT NULL NULL, "created_at" datetime DEFAULT NULL NULL, "updated_at" datetime DEFAULT NULL NULL) [0m
  [4;35;1mSQL (0.003459)[0m   [0mINSERT INTO schema_migrations (version) VALUES ('20080813101454')[0m
Migrating to CreateIngredients (20080813101532)
  [4;36;1mSQL (0.000126)[0m   [0;1mSELECT version FROM schema_migrations[0m
  [4;35;1mSQL (0.003625)[0m   [0mCREATE TABLE "ingredients" ("id" INTEGER PRIMARY KEY AUTOINCREMENT NOT NULL, "name" varchar(255) DEFAULT NULL NULL, "percentage" integer DEFAULT NULL NULL, "created_at" datetime DEFAULT NULL NULL, "updated_at" datetime DEFAULT NULL NULL) [0m
  [4;36;1mSQL (0.003223)[0m   [0;1mINSERT INTO schema_migrations (version) VALUES ('20080813101532')[0m
Migrating to CreateReservoirs (20080813101626)
  [4;35;1mSQL (0.000155)[0m   [0mSELECT version FROM schema_migrations[0m
  [4;36;1mSQL (0.003867)[0m   [0;1mCREATE TABLE "reservoirs" ("id" INTEGER PRIMARY KEY AUTOINCREMENT NOT NULL, "ingredient_id" integer DEFAULT NULL NULL, "bay" integer DEFAULT NULL NULL, "created_at" datetime DEFAULT NULL NULL, "updated_at" datetime DEFAULT NULL NULL) [0m
  [4;35;1mSQL (0.003267)[0m   [0mINSERT INTO schema_migrations (version) VALUES ('20080813101626')[0m
Migrating to CreateRecipeItems (20080813105252)
  [4;36;1mSQL (0.000198)[0m   [0;1mSELECT version FROM schema_migrations[0m
  [4;35;1mSQL (0.003605)[0m   [0mCREATE TABLE "recipe_items" ("id" INTEGER PRIMARY KEY AUTOINCREMENT NOT NULL, "drink_id" integer DEFAULT NULL NULL, "ingredient_id" integer DEFAULT NULL NULL, "quantity" varchar(255) DEFAULT NULL NULL, "created_at" datetime DEFAULT NULL NULL, "updated_at" datetime DEFAULT NULL NULL) [0m
  [4;36;1mSQL (0.003038)[0m   [0;1mINSERT INTO schema_migrations (version) VALUES ('20080813105252')[0m
  [4;35;1mSQL (0.000230)[0m   [0mSELECT version FROM schema_migrations[0m
  [4;36;1mSQL (0.000298)[0m   [0;1m SELECT name
 FROM sqlite_master
 WHERE type = 'table' AND NOT name = 'sqlite_sequence'
[0m
  [4;35;1mSQL (0.000051)[0m   [0mPRAGMA index_list("drinks")[0m
  [4;36;1mSQL (0.000050)[0m   [0;1mPRAGMA index_list("ingredients")[0m
  [4;35;1mSQL (0.000056)[0m   [0mPRAGMA index_list("recipe_items")[0m
  [4;36;1mSQL (0.000049)[0m   [0;1mPRAGMA index_list("reservoirs")[0m


Processing IngredientsController#index (for 192.168.1.18 at 2008-08-13 06:08:25) [GET]
  Session ID: BAh7BzoMY3NyZl9pZCIlOGIxNjg5OGQ0MzJkODY0MWM0M2M0YjVjMjk1NGQw
YWUiCmZsYXNoSUM6J0FjdGlvbkNvbnRyb2xsZXI6OkZsYXNoOjpGbGFzaEhh
c2h7AAY6CkB1c2VkewA=--b3dd882f035bcb9f214ef8058b58263b352ebd5a
  Parameters: {"action"=>"index", "controller"=>"ingredients"}
  [4;36;1mIngredient Load (0.034192)[0m   [0;1mSELECT * FROM "ingredients" [0m
Rendering ingredients/index
Completed in 0.29276 (3 reqs/sec) | Rendering: 0.23978 (81%) | DB: 0.03419 (11%) | 200 OK [http://192.168.1.9/ingredients]
  [4;36;1mIngredient Load (0.000514)[0m   [0;1mSELECT * FROM "ingredients" LIMIT 1[0m
  [4;35;1mIngredient Load (0.000234)[0m   [0mSELECT * FROM "ingredients" LIMIT 1[0m
  [4;36;1mDrink Load (0.007559)[0m   [0;1mSELECT "drinks".* FROM "drinks" INNER JOIN recipe_items ON drinks.id = recipe_items.drink_id WHERE (("recipe_items".ingredient_id = 1)) [0m
  [4;35;1mDrink Load (0.000243)[0m   [0mSELECT * FROM "drinks" LIMIT 1[0m
  [4;36;1mIngredient Load (0.004639)[0m   [0;1mSELECT "ingredients".* FROM "ingredients" INNER JOIN recipe_items ON ingredients.id = recipe_items.ingredient_id WHERE (("recipe_items".drink_id = 1)) [0m
  [4;35;1mDrink Load (0.000281)[0m   [0mSELECT * FROM "drinks" LIMIT 1[0m
  [4;36;1mIngredient Load (0.004682)[0m   [0;1mSELECT "ingredients".* FROM "ingredients" INNER JOIN recipe_items ON ingredients.id = recipe_items.ingredient_id WHERE (("recipe_items".drink_id = 1)) [0m
  [4;35;1mSQL (0.000279)[0m   [0m SELECT name
 FROM sqlite_master
 WHERE type = 'table' AND NOT name = 'sqlite_sequence'
[0m
